{"/Users/nutin-orn/Desktop/Project/E-Commerce-Store_EKS/mean-ecommerce-EKS/backend/server.js": {"path":"/Users/nutin-orn/Desktop/Project/E-Commerce-Store_EKS/mean-ecommerce-EKS/backend/server.js","statementMap":{"0":{"start":{"line":15,"column":0},"end":{"line":15,"column":16}},"1":{"start":{"line":17,"column":12},"end":{"line":17,"column":21}},"2":{"start":{"line":18,"column":13},"end":{"line":18,"column":37}},"3":{"start":{"line":20,"column":18},"end":{"line":20,"column":32}},"4":{"start":{"line":22,"column":0},"end":{"line":22,"column":41}},"5":{"start":{"line":23,"column":0},"end":{"line":23,"column":48}},"6":{"start":{"line":24,"column":0},"end":{"line":24,"column":24}},"7":{"start":{"line":26,"column":0},"end":{"line":26,"column":33}},"8":{"start":{"line":27,"column":0},"end":{"line":27,"column":40}},"9":{"start":{"line":28,"column":0},"end":{"line":28,"column":33}},"10":{"start":{"line":29,"column":0},"end":{"line":29,"column":38}},"11":{"start":{"line":30,"column":0},"end":{"line":30,"column":40}},"12":{"start":{"line":31,"column":0},"end":{"line":31,"column":43}},"13":{"start":{"line":33,"column":0},"end":{"line":39,"column":3}},"14":{"start":{"line":34,"column":2},"end":{"line":38,"column":5}},"15":{"start":{"line":48,"column":0},"end":{"line":51,"column":3}},"16":{"start":{"line":49,"column":2},"end":{"line":49,"column":51}},"17":{"start":{"line":50,"column":2},"end":{"line":50,"column":14}}},"fnMap":{"0":{"name":"(anonymous_0)","decl":{"start":{"line":33,"column":19},"end":{"line":33,"column":20}},"loc":{"start":{"line":33,"column":33},"end":{"line":39,"column":1}},"line":33},"1":{"name":"(anonymous_1)","decl":{"start":{"line":48,"column":17},"end":{"line":48,"column":18}},"loc":{"start":{"line":48,"column":23},"end":{"line":51,"column":1}},"line":48}},"branchMap":{"0":{"loc":{"start":{"line":18,"column":13},"end":{"line":18,"column":37}},"type":"binary-expr","locations":[{"start":{"line":18,"column":13},"end":{"line":18,"column":29}},{"start":{"line":18,"column":33},"end":{"line":18,"column":37}}],"line":18}},"s":{"0":0,"1":0,"2":0,"3":0,"4":0,"5":0,"6":0,"7":0,"8":0,"9":0,"10":0,"11":0,"12":0,"13":0,"14":0,"15":0,"16":0,"17":0},"f":{"0":0,"1":0},"b":{"0":[0,0]},"inputSourceMap":null}
,"/Users/nutin-orn/Desktop/Project/E-Commerce-Store_EKS/mean-ecommerce-EKS/backend/controllers/analytics.controller.js": {"path":"/Users/nutin-orn/Desktop/Project/E-Commerce-Store_EKS/mean-ecommerce-EKS/backend/controllers/analytics.controller.js","statementMap":{"0":{"start":{"line":5,"column":32},"end":{"line":27,"column":1}},"1":{"start":{"line":6,"column":20},"end":{"line":6,"column":47}},"2":{"start":{"line":7,"column":23},"end":{"line":7,"column":53}},"3":{"start":{"line":9,"column":19},"end":{"line":17,"column":3}},"4":{"start":{"line":19,"column":38},"end":{"line":19,"column":88}},"5":{"start":{"line":21,"column":1},"end":{"line":26,"column":3}},"6":{"start":{"line":29,"column":33},"end":{"line":74,"column":1}},"7":{"start":{"line":30,"column":1},"end":{"line":73,"column":2}},"8":{"start":{"line":31,"column":25},"end":{"line":48,"column":4}},"9":{"start":{"line":59,"column":20},"end":{"line":59,"column":55}},"10":{"start":{"line":62,"column":2},"end":{"line":70,"column":5}},"11":{"start":{"line":63,"column":21},"end":{"line":63,"column":69}},"12":{"start":{"line":63,"column":51},"end":{"line":63,"column":68}},"13":{"start":{"line":65,"column":3},"end":{"line":69,"column":5}},"14":{"start":{"line":72,"column":2},"end":{"line":72,"column":14}},"15":{"start":{"line":77,"column":15},"end":{"line":77,"column":17}},"16":{"start":{"line":78,"column":19},"end":{"line":78,"column":38}},"17":{"start":{"line":80,"column":1},"end":{"line":83,"column":2}},"18":{"start":{"line":81,"column":2},"end":{"line":81,"column":54}},"19":{"start":{"line":82,"column":2},"end":{"line":82,"column":49}},"20":{"start":{"line":85,"column":1},"end":{"line":85,"column":14}}},"fnMap":{"0":{"name":"(anonymous_0)","decl":{"start":{"line":5,"column":32},"end":{"line":5,"column":33}},"loc":{"start":{"line":5,"column":44},"end":{"line":27,"column":1}},"line":5},"1":{"name":"(anonymous_1)","decl":{"start":{"line":29,"column":33},"end":{"line":29,"column":34}},"loc":{"start":{"line":29,"column":63},"end":{"line":74,"column":1}},"line":29},"2":{"name":"(anonymous_2)","decl":{"start":{"line":62,"column":23},"end":{"line":62,"column":24}},"loc":{"start":{"line":62,"column":33},"end":{"line":70,"column":3}},"line":62},"3":{"name":"(anonymous_3)","decl":{"start":{"line":63,"column":41},"end":{"line":63,"column":42}},"loc":{"start":{"line":63,"column":51},"end":{"line":63,"column":68}},"line":63},"4":{"name":"getDatesInRange","decl":{"start":{"line":76,"column":9},"end":{"line":76,"column":24}},"loc":{"start":{"line":76,"column":45},"end":{"line":86,"column":1}},"line":76}},"branchMap":{"0":{"loc":{"start":{"line":19,"column":38},"end":{"line":19,"column":88}},"type":"binary-expr","locations":[{"start":{"line":19,"column":38},"end":{"line":19,"column":50}},{"start":{"line":19,"column":54},"end":{"line":19,"column":88}}],"line":19},"1":{"loc":{"start":{"line":67,"column":11},"end":{"line":67,"column":32}},"type":"binary-expr","locations":[{"start":{"line":67,"column":11},"end":{"line":67,"column":27}},{"start":{"line":67,"column":31},"end":{"line":67,"column":32}}],"line":67},"2":{"loc":{"start":{"line":68,"column":13},"end":{"line":68,"column":36}},"type":"binary-expr","locations":[{"start":{"line":68,"column":13},"end":{"line":68,"column":31}},{"start":{"line":68,"column":35},"end":{"line":68,"column":36}}],"line":68}},"s":{"0":1,"1":3,"2":3,"3":3,"4":3,"5":3,"6":1,"7":3,"8":3,"9":3,"10":3,"11":7,"12":6,"13":7,"14":0,"15":3,"16":3,"17":3,"18":7,"19":7,"20":3},"f":{"0":3,"1":3,"2":7,"3":6,"4":3},"b":{"0":[3,2],"1":[7,4],"2":[7,4]},"inputSourceMap":null,"_coverageSchema":"1a1c01bbd47fc00a2c39e90264f33305004495a9","hash":"392aaeecbfcb4c5d345c2bafea6164c9d273cdbb"}
,"/Users/nutin-orn/Desktop/Project/E-Commerce-Store_EKS/mean-ecommerce-EKS/backend/controllers/auth.controller.js": {"path":"/Users/nutin-orn/Desktop/Project/E-Commerce-Store_EKS/mean-ecommerce-EKS/backend/controllers/auth.controller.js","statementMap":{"0":{"start":{"line":5,"column":23},"end":{"line":9,"column":1}},"1":{"start":{"line":6,"column":22},"end":{"line":6,"column":93}},"2":{"start":{"line":7,"column":23},"end":{"line":7,"column":94}},"3":{"start":{"line":8,"column":2},"end":{"line":8,"column":37}},"4":{"start":{"line":11,"column":26},"end":{"line":13,"column":1}},"5":{"start":{"line":12,"column":2},"end":{"line":12,"column":83}},"6":{"start":{"line":15,"column":18},"end":{"line":28,"column":1}},"7":{"start":{"line":16,"column":2},"end":{"line":21,"column":5}},"8":{"start":{"line":22,"column":2},"end":{"line":27,"column":5}},"9":{"start":{"line":30,"column":22},"end":{"line":55,"column":1}},"10":{"start":{"line":31,"column":35},"end":{"line":31,"column":43}},"11":{"start":{"line":32,"column":2},"end":{"line":54,"column":3}},"12":{"start":{"line":33,"column":22},"end":{"line":33,"column":49}},"13":{"start":{"line":34,"column":4},"end":{"line":36,"column":5}},"14":{"start":{"line":35,"column":6},"end":{"line":35,"column":68}},"15":{"start":{"line":37,"column":17},"end":{"line":37,"column":59}},"16":{"start":{"line":40,"column":40},"end":{"line":40,"column":64}},"17":{"start":{"line":41,"column":4},"end":{"line":41,"column":52}},"18":{"start":{"line":43,"column":4},"end":{"line":43,"column":46}},"19":{"start":{"line":45,"column":4},"end":{"line":50,"column":7}},"20":{"start":{"line":52,"column":4},"end":{"line":52,"column":61}},"21":{"start":{"line":53,"column":4},"end":{"line":53,"column":83}},"22":{"start":{"line":57,"column":21},"end":{"line":78,"column":1}},"23":{"start":{"line":58,"column":2},"end":{"line":77,"column":3}},"24":{"start":{"line":59,"column":30},"end":{"line":59,"column":38}},"25":{"start":{"line":60,"column":17},"end":{"line":60,"column":44}},"26":{"start":{"line":61,"column":4},"end":{"line":73,"column":5}},"27":{"start":{"line":62,"column":42},"end":{"line":62,"column":66}},"28":{"start":{"line":63,"column":6},"end":{"line":63,"column":54}},"29":{"start":{"line":64,"column":6},"end":{"line":64,"column":48}},"30":{"start":{"line":65,"column":6},"end":{"line":70,"column":9}},"31":{"start":{"line":72,"column":6},"end":{"line":72,"column":74}},"32":{"start":{"line":75,"column":4},"end":{"line":75,"column":60}},"33":{"start":{"line":76,"column":4},"end":{"line":76,"column":74}},"34":{"start":{"line":80,"column":22},"end":{"line":95,"column":1}},"35":{"start":{"line":81,"column":2},"end":{"line":94,"column":2}},"36":{"start":{"line":82,"column":23},"end":{"line":82,"column":47}},"37":{"start":{"line":83,"column":2},"end":{"line":86,"column":3}},"38":{"start":{"line":84,"column":19},"end":{"line":84,"column":77}},"39":{"start":{"line":85,"column":3},"end":{"line":85,"column":54}},"40":{"start":{"line":88,"column":2},"end":{"line":88,"column":33}},"41":{"start":{"line":89,"column":2},"end":{"line":89,"column":34}},"42":{"start":{"line":90,"column":2},"end":{"line":90,"column":51}},"43":{"start":{"line":92,"column":2},"end":{"line":92,"column":59}},"44":{"start":{"line":93,"column":2},"end":{"line":93,"column":74}},"45":{"start":{"line":98,"column":28},"end":{"line":124,"column":1}},"46":{"start":{"line":99,"column":2},"end":{"line":123,"column":3}},"47":{"start":{"line":100,"column":25},"end":{"line":100,"column":49}},"48":{"start":{"line":101,"column":4},"end":{"line":103,"column":5}},"49":{"start":{"line":102,"column":6},"end":{"line":102,"column":74}},"50":{"start":{"line":104,"column":20},"end":{"line":104,"column":78}},"51":{"start":{"line":105,"column":24},"end":{"line":105,"column":74}},"52":{"start":{"line":107,"column":4},"end":{"line":109,"column":5}},"53":{"start":{"line":108,"column":6},"end":{"line":108,"column":70}},"54":{"start":{"line":111,"column":24},"end":{"line":111,"column":111}},"55":{"start":{"line":113,"column":4},"end":{"line":118,"column":7}},"56":{"start":{"line":119,"column":4},"end":{"line":119,"column":75}},"57":{"start":{"line":121,"column":4},"end":{"line":121,"column":68}},"58":{"start":{"line":122,"column":4},"end":{"line":122,"column":74}},"59":{"start":{"line":127,"column":26},"end":{"line":134,"column":1}},"60":{"start":{"line":128,"column":2},"end":{"line":133,"column":3}},"61":{"start":{"line":129,"column":4},"end":{"line":129,"column":35}},"62":{"start":{"line":131,"column":4},"end":{"line":131,"column":66}},"63":{"start":{"line":132,"column":4},"end":{"line":132,"column":74}}},"fnMap":{"0":{"name":"(anonymous_0)","decl":{"start":{"line":5,"column":23},"end":{"line":5,"column":24}},"loc":{"start":{"line":5,"column":35},"end":{"line":9,"column":1}},"line":5},"1":{"name":"(anonymous_1)","decl":{"start":{"line":11,"column":26},"end":{"line":11,"column":27}},"loc":{"start":{"line":11,"column":58},"end":{"line":13,"column":1}},"line":11},"2":{"name":"(anonymous_2)","decl":{"start":{"line":15,"column":18},"end":{"line":15,"column":19}},"loc":{"start":{"line":15,"column":54},"end":{"line":28,"column":1}},"line":15},"3":{"name":"(anonymous_3)","decl":{"start":{"line":30,"column":22},"end":{"line":30,"column":23}},"loc":{"start":{"line":30,"column":42},"end":{"line":55,"column":1}},"line":30},"4":{"name":"(anonymous_4)","decl":{"start":{"line":57,"column":21},"end":{"line":57,"column":22}},"loc":{"start":{"line":57,"column":41},"end":{"line":78,"column":1}},"line":57},"5":{"name":"(anonymous_5)","decl":{"start":{"line":80,"column":22},"end":{"line":80,"column":23}},"loc":{"start":{"line":80,"column":42},"end":{"line":95,"column":1}},"line":80},"6":{"name":"(anonymous_6)","decl":{"start":{"line":98,"column":28},"end":{"line":98,"column":29}},"loc":{"start":{"line":98,"column":48},"end":{"line":124,"column":1}},"line":98},"7":{"name":"(anonymous_7)","decl":{"start":{"line":127,"column":26},"end":{"line":127,"column":27}},"loc":{"start":{"line":127,"column":46},"end":{"line":134,"column":1}},"line":127}},"branchMap":{"0":{"loc":{"start":{"line":34,"column":4},"end":{"line":36,"column":5}},"type":"if","locations":[{"start":{"line":34,"column":4},"end":{"line":36,"column":5}},{"start":{},"end":{}}],"line":34},"1":{"loc":{"start":{"line":61,"column":4},"end":{"line":73,"column":5}},"type":"if","locations":[{"start":{"line":61,"column":4},"end":{"line":73,"column":5}},{"start":{"line":71,"column":11},"end":{"line":73,"column":5}}],"line":61},"2":{"loc":{"start":{"line":61,"column":8},"end":{"line":61,"column":54}},"type":"binary-expr","locations":[{"start":{"line":61,"column":8},"end":{"line":61,"column":12}},{"start":{"line":61,"column":17},"end":{"line":61,"column":53}}],"line":61},"3":{"loc":{"start":{"line":83,"column":2},"end":{"line":86,"column":3}},"type":"if","locations":[{"start":{"line":83,"column":2},"end":{"line":86,"column":3}},{"start":{},"end":{}}],"line":83},"4":{"loc":{"start":{"line":101,"column":4},"end":{"line":103,"column":5}},"type":"if","locations":[{"start":{"line":101,"column":4},"end":{"line":103,"column":5}},{"start":{},"end":{}}],"line":101},"5":{"loc":{"start":{"line":107,"column":4},"end":{"line":109,"column":5}},"type":"if","locations":[{"start":{"line":107,"column":4},"end":{"line":109,"column":5}},{"start":{},"end":{}}],"line":107}},"s":{"0":1,"1":10,"2":10,"3":10,"4":1,"5":10,"6":1,"7":10,"8":10,"9":1,"10":10,"11":10,"12":10,"13":10,"14":1,"15":9,"16":8,"17":8,"18":8,"19":8,"20":1,"21":1,"22":1,"23":5,"24":5,"25":5,"26":5,"27":2,"28":2,"29":2,"30":2,"31":3,"32":0,"33":0,"34":1,"35":4,"36":4,"37":4,"38":3,"39":2,"40":3,"41":3,"42":3,"43":1,"44":1,"45":1,"46":6,"47":6,"48":6,"49":1,"50":5,"51":3,"52":3,"53":2,"54":1,"55":1,"56":1,"57":2,"58":2,"59":1,"60":3,"61":3,"62":0,"63":0},"f":{"0":10,"1":10,"2":10,"3":10,"4":5,"5":4,"6":6,"7":3},"b":{"0":[1,9],"1":[2,3],"2":[5,4],"3":[3,1],"4":[1,5],"5":[2,1]},"inputSourceMap":null,"_coverageSchema":"1a1c01bbd47fc00a2c39e90264f33305004495a9","hash":"5226585855bab0993f0425d8815b359af4c8002c"}
,"/Users/nutin-orn/Desktop/Project/E-Commerce-Store_EKS/mean-ecommerce-EKS/backend/controllers/cart.controller.js": {"path":"/Users/nutin-orn/Desktop/Project/E-Commerce-Store_EKS/mean-ecommerce-EKS/backend/controllers/cart.controller.js","statementMap":{"0":{"start":{"line":3,"column":31},"end":{"line":20,"column":1}},"1":{"start":{"line":4,"column":2},"end":{"line":19,"column":3}},"2":{"start":{"line":5,"column":21},"end":{"line":5,"column":77}},"3":{"start":{"line":8,"column":22},"end":{"line":13,"column":6}},"4":{"start":{"line":9,"column":19},"end":{"line":11,"column":7}},"5":{"start":{"line":10,"column":22},"end":{"line":10,"column":48}},"6":{"start":{"line":12,"column":6},"end":{"line":12,"column":62}},"7":{"start":{"line":15,"column":4},"end":{"line":15,"column":24}},"8":{"start":{"line":17,"column":4},"end":{"line":17,"column":70}},"9":{"start":{"line":18,"column":4},"end":{"line":18,"column":76}},"10":{"start":{"line":22,"column":25},"end":{"line":41,"column":1}},"11":{"start":{"line":23,"column":2},"end":{"line":40,"column":3}},"12":{"start":{"line":24,"column":26},"end":{"line":24,"column":34}},"13":{"start":{"line":25,"column":17},"end":{"line":25,"column":25}},"14":{"start":{"line":27,"column":24},"end":{"line":27,"column":76}},"15":{"start":{"line":27,"column":54},"end":{"line":27,"column":75}},"16":{"start":{"line":29,"column":4},"end":{"line":33,"column":5}},"17":{"start":{"line":30,"column":6},"end":{"line":30,"column":32}},"18":{"start":{"line":32,"column":6},"end":{"line":32,"column":37}},"19":{"start":{"line":35,"column":4},"end":{"line":35,"column":22}},"20":{"start":{"line":36,"column":4},"end":{"line":36,"column":29}},"21":{"start":{"line":38,"column":4},"end":{"line":38,"column":64}},"22":{"start":{"line":39,"column":4},"end":{"line":39,"column":76}},"23":{"start":{"line":43,"column":33},"end":{"line":59,"column":1}},"24":{"start":{"line":44,"column":2},"end":{"line":58,"column":3}},"25":{"start":{"line":45,"column":26},"end":{"line":45,"column":34}},"26":{"start":{"line":46,"column":17},"end":{"line":46,"column":25}},"27":{"start":{"line":48,"column":4},"end":{"line":52,"column":5}},"28":{"start":{"line":49,"column":6},"end":{"line":49,"column":26}},"29":{"start":{"line":51,"column":6},"end":{"line":51,"column":78}},"30":{"start":{"line":51,"column":55},"end":{"line":51,"column":76}},"31":{"start":{"line":54,"column":4},"end":{"line":54,"column":22}},"32":{"start":{"line":55,"column":4},"end":{"line":55,"column":29}},"33":{"start":{"line":57,"column":4},"end":{"line":57,"column":76}},"34":{"start":{"line":61,"column":30},"end":{"line":85,"column":1}},"35":{"start":{"line":62,"column":2},"end":{"line":84,"column":3}},"36":{"start":{"line":63,"column":30},"end":{"line":63,"column":40}},"37":{"start":{"line":64,"column":25},"end":{"line":64,"column":33}},"38":{"start":{"line":65,"column":17},"end":{"line":65,"column":25}},"39":{"start":{"line":66,"column":25},"end":{"line":66,"column":77}},"40":{"start":{"line":66,"column":55},"end":{"line":66,"column":76}},"41":{"start":{"line":68,"column":4},"end":{"line":80,"column":5}},"42":{"start":{"line":69,"column":6},"end":{"line":73,"column":7}},"43":{"start":{"line":70,"column":8},"end":{"line":70,"column":80}},"44":{"start":{"line":70,"column":57},"end":{"line":70,"column":78}},"45":{"start":{"line":71,"column":8},"end":{"line":71,"column":26}},"46":{"start":{"line":72,"column":8},"end":{"line":72,"column":33}},"47":{"start":{"line":75,"column":6},"end":{"line":75,"column":39}},"48":{"start":{"line":76,"column":6},"end":{"line":76,"column":24}},"49":{"start":{"line":77,"column":6},"end":{"line":77,"column":31}},"50":{"start":{"line":79,"column":6},"end":{"line":79,"column":66}},"51":{"start":{"line":82,"column":4},"end":{"line":82,"column":69}},"52":{"start":{"line":83,"column":4},"end":{"line":83,"column":76}}},"fnMap":{"0":{"name":"(anonymous_0)","decl":{"start":{"line":3,"column":31},"end":{"line":3,"column":32}},"loc":{"start":{"line":3,"column":51},"end":{"line":20,"column":1}},"line":3},"1":{"name":"(anonymous_1)","decl":{"start":{"line":8,"column":35},"end":{"line":8,"column":36}},"loc":{"start":{"line":8,"column":48},"end":{"line":13,"column":5}},"line":8},"2":{"name":"(anonymous_2)","decl":{"start":{"line":10,"column":8},"end":{"line":10,"column":9}},"loc":{"start":{"line":10,"column":22},"end":{"line":10,"column":48}},"line":10},"3":{"name":"(anonymous_3)","decl":{"start":{"line":22,"column":25},"end":{"line":22,"column":26}},"loc":{"start":{"line":22,"column":45},"end":{"line":41,"column":1}},"line":22},"4":{"name":"(anonymous_4)","decl":{"start":{"line":27,"column":44},"end":{"line":27,"column":45}},"loc":{"start":{"line":27,"column":54},"end":{"line":27,"column":75}},"line":27},"5":{"name":"(anonymous_5)","decl":{"start":{"line":43,"column":33},"end":{"line":43,"column":34}},"loc":{"start":{"line":43,"column":53},"end":{"line":59,"column":1}},"line":43},"6":{"name":"(anonymous_6)","decl":{"start":{"line":51,"column":45},"end":{"line":51,"column":46}},"loc":{"start":{"line":51,"column":55},"end":{"line":51,"column":76}},"line":51},"7":{"name":"(anonymous_7)","decl":{"start":{"line":61,"column":30},"end":{"line":61,"column":31}},"loc":{"start":{"line":61,"column":50},"end":{"line":85,"column":1}},"line":61},"8":{"name":"(anonymous_8)","decl":{"start":{"line":66,"column":45},"end":{"line":66,"column":46}},"loc":{"start":{"line":66,"column":55},"end":{"line":66,"column":76}},"line":66},"9":{"name":"(anonymous_9)","decl":{"start":{"line":70,"column":47},"end":{"line":70,"column":48}},"loc":{"start":{"line":70,"column":57},"end":{"line":70,"column":78}},"line":70}},"branchMap":{"0":{"loc":{"start":{"line":29,"column":4},"end":{"line":33,"column":5}},"type":"if","locations":[{"start":{"line":29,"column":4},"end":{"line":33,"column":5}},{"start":{"line":31,"column":11},"end":{"line":33,"column":5}}],"line":29},"1":{"loc":{"start":{"line":48,"column":4},"end":{"line":52,"column":5}},"type":"if","locations":[{"start":{"line":48,"column":4},"end":{"line":52,"column":5}},{"start":{"line":50,"column":11},"end":{"line":52,"column":5}}],"line":48},"2":{"loc":{"start":{"line":68,"column":4},"end":{"line":80,"column":5}},"type":"if","locations":[{"start":{"line":68,"column":4},"end":{"line":80,"column":5}},{"start":{"line":78,"column":11},"end":{"line":80,"column":5}}],"line":68},"3":{"loc":{"start":{"line":69,"column":6},"end":{"line":73,"column":7}},"type":"if","locations":[{"start":{"line":69,"column":6},"end":{"line":73,"column":7}},{"start":{},"end":{}}],"line":69}},"s":{"0":1,"1":2,"2":2,"3":2,"4":1,"5":1,"6":1,"7":2,"8":0,"9":0,"10":1,"11":2,"12":2,"13":2,"14":2,"15":1,"16":2,"17":1,"18":1,"19":2,"20":2,"21":0,"22":0,"23":1,"24":2,"25":2,"26":2,"27":2,"28":1,"29":1,"30":2,"31":2,"32":2,"33":0,"34":1,"35":3,"36":3,"37":3,"38":3,"39":3,"40":2,"41":3,"42":2,"43":1,"44":1,"45":1,"46":1,"47":2,"48":2,"49":2,"50":1,"51":0,"52":0},"f":{"0":2,"1":1,"2":1,"3":2,"4":1,"5":2,"6":2,"7":3,"8":2,"9":1},"b":{"0":[1,1],"1":[1,1],"2":[2,1],"3":[1,1]},"inputSourceMap":null,"_coverageSchema":"1a1c01bbd47fc00a2c39e90264f33305004495a9","hash":"1adec2d449ccd225cb5964c9a8e90d2cc0996306"}
,"/Users/nutin-orn/Desktop/Project/E-Commerce-Store_EKS/mean-ecommerce-EKS/backend/controllers/coupon.controller.js": {"path":"/Users/nutin-orn/Desktop/Project/E-Commerce-Store_EKS/mean-ecommerce-EKS/backend/controllers/coupon.controller.js","statementMap":{"0":{"start":{"line":3,"column":26},"end":{"line":11,"column":1}},"1":{"start":{"line":4,"column":2},"end":{"line":10,"column":3}},"2":{"start":{"line":5,"column":19},"end":{"line":5,"column":79}},"3":{"start":{"line":6,"column":4},"end":{"line":6,"column":29}},"4":{"start":{"line":8,"column":4},"end":{"line":8,"column":65}},"5":{"start":{"line":9,"column":4},"end":{"line":9,"column":74}},"6":{"start":{"line":13,"column":30},"end":{"line":37,"column":1}},"7":{"start":{"line":14,"column":2},"end":{"line":36,"column":3}},"8":{"start":{"line":15,"column":19},"end":{"line":15,"column":27}},"9":{"start":{"line":16,"column":19},"end":{"line":16,"column":91}},"10":{"start":{"line":18,"column":4},"end":{"line":20,"column":5}},"11":{"start":{"line":19,"column":6},"end":{"line":19,"column":65}},"12":{"start":{"line":22,"column":4},"end":{"line":26,"column":5}},"13":{"start":{"line":23,"column":6},"end":{"line":23,"column":30}},"14":{"start":{"line":24,"column":6},"end":{"line":24,"column":26}},"15":{"start":{"line":25,"column":6},"end":{"line":25,"column":67}},"16":{"start":{"line":28,"column":4},"end":{"line":32,"column":7}},"17":{"start":{"line":34,"column":4},"end":{"line":34,"column":69}},"18":{"start":{"line":35,"column":4},"end":{"line":35,"column":74}}},"fnMap":{"0":{"name":"(anonymous_0)","decl":{"start":{"line":3,"column":26},"end":{"line":3,"column":27}},"loc":{"start":{"line":3,"column":46},"end":{"line":11,"column":1}},"line":3},"1":{"name":"(anonymous_1)","decl":{"start":{"line":13,"column":30},"end":{"line":13,"column":31}},"loc":{"start":{"line":13,"column":50},"end":{"line":37,"column":1}},"line":13}},"branchMap":{"0":{"loc":{"start":{"line":6,"column":13},"end":{"line":6,"column":27}},"type":"binary-expr","locations":[{"start":{"line":6,"column":13},"end":{"line":6,"column":19}},{"start":{"line":6,"column":23},"end":{"line":6,"column":27}}],"line":6},"1":{"loc":{"start":{"line":18,"column":4},"end":{"line":20,"column":5}},"type":"if","locations":[{"start":{"line":18,"column":4},"end":{"line":20,"column":5}},{"start":{},"end":{}}],"line":18},"2":{"loc":{"start":{"line":22,"column":4},"end":{"line":26,"column":5}},"type":"if","locations":[{"start":{"line":22,"column":4},"end":{"line":26,"column":5}},{"start":{},"end":{}}],"line":22}},"s":{"0":1,"1":3,"2":3,"3":3,"4":0,"5":0,"6":1,"7":4,"8":4,"9":4,"10":4,"11":2,"12":2,"13":1,"14":1,"15":1,"16":1,"17":0,"18":0},"f":{"0":3,"1":4},"b":{"0":[3,2],"1":[2,2],"2":[1,1]},"inputSourceMap":null,"_coverageSchema":"1a1c01bbd47fc00a2c39e90264f33305004495a9","hash":"76e60a59ad5466976251b809483f814f24ff5193"}
,"/Users/nutin-orn/Desktop/Project/E-Commerce-Store_EKS/mean-ecommerce-EKS/backend/controllers/payment.controller.js": {"path":"/Users/nutin-orn/Desktop/Project/E-Commerce-Store_EKS/mean-ecommerce-EKS/backend/controllers/payment.controller.js","statementMap":{"0":{"start":{"line":7,"column":37},"end":{"line":84,"column":1}},"1":{"start":{"line":8,"column":2},"end":{"line":83,"column":3}},"2":{"start":{"line":9,"column":37},"end":{"line":9,"column":45}},"3":{"start":{"line":11,"column":4},"end":{"line":13,"column":5}},"4":{"start":{"line":12,"column":6},"end":{"line":12,"column":80}},"5":{"start":{"line":15,"column":22},"end":{"line":15,"column":23}},"6":{"start":{"line":17,"column":22},"end":{"line":32,"column":6}},"7":{"start":{"line":18,"column":21},"end":{"line":18,"column":52}},"8":{"start":{"line":19,"column":6},"end":{"line":19,"column":47}},"9":{"start":{"line":21,"column":6},"end":{"line":31,"column":8}},"10":{"start":{"line":34,"column":17},"end":{"line":34,"column":21}},"11":{"start":{"line":35,"column":4},"end":{"line":46,"column":5}},"12":{"start":{"line":36,"column":6},"end":{"line":40,"column":9}},"13":{"start":{"line":41,"column":6},"end":{"line":45,"column":7}},"14":{"start":{"line":42,"column":8},"end":{"line":44,"column":10}},"15":{"start":{"line":48,"column":20},"end":{"line":72,"column":6}},"16":{"start":{"line":65,"column":31},"end":{"line":69,"column":11}},"17":{"start":{"line":74,"column":4},"end":{"line":76,"column":5}},"18":{"start":{"line":75,"column":6},"end":{"line":75,"column":42}},"19":{"start":{"line":77,"column":4},"end":{"line":77,"column":77}},"20":{"start":{"line":79,"column":4},"end":{"line":79,"column":55}},"21":{"start":{"line":80,"column":4},"end":{"line":82,"column":76}},"22":{"start":{"line":86,"column":31},"end":{"line":157,"column":1}},"23":{"start":{"line":87,"column":2},"end":{"line":156,"column":3}},"24":{"start":{"line":88,"column":26},"end":{"line":88,"column":34}},"25":{"start":{"line":89,"column":20},"end":{"line":89,"column":70}},"26":{"start":{"line":91,"column":4},"end":{"line":149,"column":5}},"27":{"start":{"line":92,"column":6},"end":{"line":102,"column":7}},"28":{"start":{"line":93,"column":8},"end":{"line":101,"column":10}},"29":{"start":{"line":105,"column":27},"end":{"line":105,"column":44}},"30":{"start":{"line":106,"column":23},"end":{"line":106,"column":60}},"31":{"start":{"line":108,"column":27},"end":{"line":114,"column":7}},"32":{"start":{"line":116,"column":6},"end":{"line":137,"column":7}},"33":{"start":{"line":117,"column":8},"end":{"line":120,"column":11}},"34":{"start":{"line":122,"column":8},"end":{"line":122,"column":64}},"35":{"start":{"line":124,"column":8},"end":{"line":124,"column":75}},"36":{"start":{"line":126,"column":25},"end":{"line":135,"column":10}},"37":{"start":{"line":128,"column":47},"end":{"line":132,"column":11}},"38":{"start":{"line":136,"column":8},"end":{"line":136,"column":30}},"39":{"start":{"line":140,"column":6},"end":{"line":142,"column":9}},"40":{"start":{"line":144,"column":6},"end":{"line":148,"column":9}},"41":{"start":{"line":151,"column":4},"end":{"line":151,"column":66}},"42":{"start":{"line":152,"column":4},"end":{"line":155,"column":7}},"43":{"start":{"line":160,"column":17},"end":{"line":163,"column":4}},"44":{"start":{"line":165,"column":2},"end":{"line":165,"column":19}},"45":{"start":{"line":169,"column":2},"end":{"line":169,"column":44}},"46":{"start":{"line":171,"column":20},"end":{"line":176,"column":4}},"47":{"start":{"line":178,"column":2},"end":{"line":178,"column":25}},"48":{"start":{"line":180,"column":2},"end":{"line":180,"column":19}}},"fnMap":{"0":{"name":"(anonymous_0)","decl":{"start":{"line":7,"column":37},"end":{"line":7,"column":38}},"loc":{"start":{"line":7,"column":57},"end":{"line":84,"column":1}},"line":7},"1":{"name":"(anonymous_1)","decl":{"start":{"line":17,"column":35},"end":{"line":17,"column":36}},"loc":{"start":{"line":17,"column":48},"end":{"line":32,"column":5}},"line":17},"2":{"name":"(anonymous_2)","decl":{"start":{"line":65,"column":23},"end":{"line":65,"column":24}},"loc":{"start":{"line":65,"column":31},"end":{"line":69,"column":11}},"line":65},"3":{"name":"(anonymous_3)","decl":{"start":{"line":86,"column":31},"end":{"line":86,"column":32}},"loc":{"start":{"line":86,"column":51},"end":{"line":157,"column":1}},"line":86},"4":{"name":"(anonymous_4)","decl":{"start":{"line":128,"column":33},"end":{"line":128,"column":34}},"loc":{"start":{"line":128,"column":47},"end":{"line":132,"column":11}},"line":128},"5":{"name":"createStripeCoupon","decl":{"start":{"line":159,"column":15},"end":{"line":159,"column":33}},"loc":{"start":{"line":159,"column":54},"end":{"line":166,"column":1}},"line":159},"6":{"name":"createNewCoupon","decl":{"start":{"line":168,"column":15},"end":{"line":168,"column":30}},"loc":{"start":{"line":168,"column":39},"end":{"line":181,"column":1}},"line":168}},"branchMap":{"0":{"loc":{"start":{"line":11,"column":4},"end":{"line":13,"column":5}},"type":"if","locations":[{"start":{"line":11,"column":4},"end":{"line":13,"column":5}},{"start":{},"end":{}}],"line":11},"1":{"loc":{"start":{"line":11,"column":8},"end":{"line":11,"column":57}},"type":"binary-expr","locations":[{"start":{"line":11,"column":8},"end":{"line":11,"column":32}},{"start":{"line":11,"column":36},"end":{"line":11,"column":57}}],"line":11},"2":{"loc":{"start":{"line":30,"column":18},"end":{"line":30,"column":39}},"type":"binary-expr","locations":[{"start":{"line":30,"column":18},"end":{"line":30,"column":34}},{"start":{"line":30,"column":38},"end":{"line":30,"column":39}}],"line":30},"3":{"loc":{"start":{"line":35,"column":4},"end":{"line":46,"column":5}},"type":"if","locations":[{"start":{"line":35,"column":4},"end":{"line":46,"column":5}},{"start":{},"end":{}}],"line":35},"4":{"loc":{"start":{"line":41,"column":6},"end":{"line":45,"column":7}},"type":"if","locations":[{"start":{"line":41,"column":6},"end":{"line":45,"column":7}},{"start":{},"end":{}}],"line":41},"5":{"loc":{"start":{"line":54,"column":17},"end":{"line":60,"column":12}},"type":"cond-expr","locations":[{"start":{"line":55,"column":10},"end":{"line":59,"column":11}},{"start":{"line":60,"column":10},"end":{"line":60,"column":12}}],"line":54},"6":{"loc":{"start":{"line":63,"column":20},"end":{"line":63,"column":36}},"type":"binary-expr","locations":[{"start":{"line":63,"column":20},"end":{"line":63,"column":30}},{"start":{"line":63,"column":34},"end":{"line":63,"column":36}}],"line":63},"7":{"loc":{"start":{"line":74,"column":4},"end":{"line":76,"column":5}},"type":"if","locations":[{"start":{"line":74,"column":4},"end":{"line":76,"column":5}},{"start":{},"end":{}}],"line":74},"8":{"loc":{"start":{"line":91,"column":4},"end":{"line":149,"column":5}},"type":"if","locations":[{"start":{"line":91,"column":4},"end":{"line":149,"column":5}},{"start":{},"end":{}}],"line":91},"9":{"loc":{"start":{"line":92,"column":6},"end":{"line":102,"column":7}},"type":"if","locations":[{"start":{"line":92,"column":6},"end":{"line":102,"column":7}},{"start":{},"end":{}}],"line":92}},"s":{"0":1,"1":5,"2":5,"3":5,"4":2,"5":3,"6":3,"7":3,"8":3,"9":3,"10":3,"11":3,"12":1,"13":1,"14":1,"15":3,"16":3,"17":3,"18":1,"19":3,"20":0,"21":0,"22":1,"23":3,"24":3,"25":3,"26":3,"27":3,"28":1,"29":3,"30":3,"31":3,"32":3,"33":3,"34":2,"35":1,"36":1,"37":1,"38":1,"39":3,"40":3,"41":0,"42":0,"43":1,"44":1,"45":1,"46":1,"47":1,"48":1},"f":{"0":5,"1":3,"2":3,"3":3,"4":1,"5":1,"6":1},"b":{"0":[2,3],"1":[5,4],"2":[3,0],"3":[1,2],"4":[1,0],"5":[1,2],"6":[3,2],"7":[1,2],"8":[3,0],"9":[1,2]},"inputSourceMap":null,"_coverageSchema":"1a1c01bbd47fc00a2c39e90264f33305004495a9","hash":"bf7365bad6f72d5e5d9b9e3d6f76a661cae60794"}
,"/Users/nutin-orn/Desktop/Project/E-Commerce-Store_EKS/mean-ecommerce-EKS/backend/controllers/product.controller.js": {"path":"/Users/nutin-orn/Desktop/Project/E-Commerce-Store_EKS/mean-ecommerce-EKS/backend/controllers/product.controller.js","statementMap":{"0":{"start":{"line":5,"column":30},"end":{"line":13,"column":1}},"1":{"start":{"line":6,"column":2},"end":{"line":12,"column":3}},"2":{"start":{"line":7,"column":21},"end":{"line":7,"column":43}},"3":{"start":{"line":8,"column":4},"end":{"line":8,"column":27}},"4":{"start":{"line":10,"column":4},"end":{"line":10,"column":69}},"5":{"start":{"line":11,"column":4},"end":{"line":11,"column":74}},"6":{"start":{"line":15,"column":35},"end":{"line":39,"column":1}},"7":{"start":{"line":16,"column":2},"end":{"line":38,"column":3}},"8":{"start":{"line":17,"column":27},"end":{"line":17,"column":63}},"9":{"start":{"line":18,"column":4},"end":{"line":20,"column":5}},"10":{"start":{"line":19,"column":6},"end":{"line":19,"column":52}},"11":{"start":{"line":24,"column":4},"end":{"line":24,"column":69}},"12":{"start":{"line":26,"column":4},"end":{"line":28,"column":5}},"13":{"start":{"line":27,"column":6},"end":{"line":27,"column":75}},"14":{"start":{"line":31,"column":4},"end":{"line":31,"column":75}},"15":{"start":{"line":33,"column":4},"end":{"line":33,"column":31}},"16":{"start":{"line":36,"column":4},"end":{"line":36,"column":74}},"17":{"start":{"line":37,"column":4},"end":{"line":37,"column":74}},"18":{"start":{"line":41,"column":29},"end":{"line":66,"column":1}},"19":{"start":{"line":42,"column":2},"end":{"line":65,"column":3}},"20":{"start":{"line":43,"column":56},"end":{"line":43,"column":64}},"21":{"start":{"line":45,"column":29},"end":{"line":45,"column":33}},"22":{"start":{"line":47,"column":4},"end":{"line":51,"column":5}},"23":{"start":{"line":48,"column":6},"end":{"line":50,"column":9}},"24":{"start":{"line":53,"column":20},"end":{"line":59,"column":6}},"25":{"start":{"line":61,"column":4},"end":{"line":61,"column":34}},"26":{"start":{"line":63,"column":4},"end":{"line":63,"column":68}},"27":{"start":{"line":64,"column":4},"end":{"line":64,"column":74}},"28":{"start":{"line":68,"column":29},"end":{"line":92,"column":1}},"29":{"start":{"line":69,"column":2},"end":{"line":91,"column":3}},"30":{"start":{"line":70,"column":17},"end":{"line":70,"column":27}},"31":{"start":{"line":71,"column":20},"end":{"line":71,"column":55}},"32":{"start":{"line":73,"column":4},"end":{"line":75,"column":5}},"33":{"start":{"line":74,"column":6},"end":{"line":74,"column":66}},"34":{"start":{"line":77,"column":4},"end":{"line":85,"column":5}},"35":{"start":{"line":78,"column":23},"end":{"line":78,"column":67}},"36":{"start":{"line":79,"column":6},"end":{"line":84,"column":7}},"37":{"start":{"line":80,"column":8},"end":{"line":80,"column":65}},"38":{"start":{"line":81,"column":8},"end":{"line":81,"column":53}},"39":{"start":{"line":83,"column":8},"end":{"line":83,"column":78}},"40":{"start":{"line":86,"column":4},"end":{"line":86,"column":40}},"41":{"start":{"line":87,"column":4},"end":{"line":87,"column":56}},"42":{"start":{"line":89,"column":4},"end":{"line":89,"column":68}},"43":{"start":{"line":90,"column":4},"end":{"line":90,"column":74}},"44":{"start":{"line":94,"column":38},"end":{"line":116,"column":1}},"45":{"start":{"line":95,"column":2},"end":{"line":115,"column":3}},"46":{"start":{"line":96,"column":21},"end":{"line":109,"column":6}},"47":{"start":{"line":111,"column":4},"end":{"line":111,"column":23}},"48":{"start":{"line":113,"column":4},"end":{"line":113,"column":77}},"49":{"start":{"line":114,"column":4},"end":{"line":114,"column":74}},"50":{"start":{"line":118,"column":37},"end":{"line":127,"column":1}},"51":{"start":{"line":119,"column":21},"end":{"line":119,"column":31}},"52":{"start":{"line":120,"column":2},"end":{"line":126,"column":3}},"53":{"start":{"line":121,"column":21},"end":{"line":121,"column":51}},"54":{"start":{"line":122,"column":4},"end":{"line":122,"column":25}},"55":{"start":{"line":124,"column":4},"end":{"line":124,"column":76}},"56":{"start":{"line":125,"column":4},"end":{"line":125,"column":74}},"57":{"start":{"line":129,"column":37},"end":{"line":144,"column":1}},"58":{"start":{"line":130,"column":2},"end":{"line":143,"column":2}},"59":{"start":{"line":131,"column":18},"end":{"line":131,"column":55}},"60":{"start":{"line":132,"column":2},"end":{"line":139,"column":3}},"61":{"start":{"line":133,"column":3},"end":{"line":133,"column":44}},"62":{"start":{"line":134,"column":26},"end":{"line":134,"column":46}},"63":{"start":{"line":135,"column":3},"end":{"line":135,"column":39}},"64":{"start":{"line":136,"column":3},"end":{"line":136,"column":28}},"65":{"start":{"line":138,"column":3},"end":{"line":138,"column":58}},"66":{"start":{"line":141,"column":2},"end":{"line":141,"column":74}},"67":{"start":{"line":142,"column":2},"end":{"line":142,"column":74}},"68":{"start":{"line":147,"column":2},"end":{"line":152,"column":3}},"69":{"start":{"line":148,"column":29},"end":{"line":148,"column":74}},"70":{"start":{"line":149,"column":4},"end":{"line":149,"column":75}},"71":{"start":{"line":151,"column":4},"end":{"line":151,"column":71}}},"fnMap":{"0":{"name":"(anonymous_0)","decl":{"start":{"line":5,"column":30},"end":{"line":5,"column":31}},"loc":{"start":{"line":5,"column":50},"end":{"line":13,"column":1}},"line":5},"1":{"name":"(anonymous_1)","decl":{"start":{"line":15,"column":35},"end":{"line":15,"column":36}},"loc":{"start":{"line":15,"column":55},"end":{"line":39,"column":1}},"line":15},"2":{"name":"(anonymous_2)","decl":{"start":{"line":41,"column":29},"end":{"line":41,"column":30}},"loc":{"start":{"line":41,"column":49},"end":{"line":66,"column":1}},"line":41},"3":{"name":"(anonymous_3)","decl":{"start":{"line":68,"column":29},"end":{"line":68,"column":30}},"loc":{"start":{"line":68,"column":49},"end":{"line":92,"column":1}},"line":68},"4":{"name":"(anonymous_4)","decl":{"start":{"line":94,"column":38},"end":{"line":94,"column":39}},"loc":{"start":{"line":94,"column":58},"end":{"line":116,"column":1}},"line":94},"5":{"name":"(anonymous_5)","decl":{"start":{"line":118,"column":37},"end":{"line":118,"column":38}},"loc":{"start":{"line":118,"column":57},"end":{"line":127,"column":1}},"line":118},"6":{"name":"(anonymous_6)","decl":{"start":{"line":129,"column":37},"end":{"line":129,"column":38}},"loc":{"start":{"line":129,"column":57},"end":{"line":144,"column":1}},"line":129},"7":{"name":"updateFeaturedProductsCache","decl":{"start":{"line":146,"column":15},"end":{"line":146,"column":42}},"loc":{"start":{"line":146,"column":45},"end":{"line":153,"column":1}},"line":146}},"branchMap":{"0":{"loc":{"start":{"line":18,"column":4},"end":{"line":20,"column":5}},"type":"if","locations":[{"start":{"line":18,"column":4},"end":{"line":20,"column":5}},{"start":{},"end":{}}],"line":18},"1":{"loc":{"start":{"line":26,"column":4},"end":{"line":28,"column":5}},"type":"if","locations":[{"start":{"line":26,"column":4},"end":{"line":28,"column":5}},{"start":{},"end":{}}],"line":26},"2":{"loc":{"start":{"line":47,"column":4},"end":{"line":51,"column":5}},"type":"if","locations":[{"start":{"line":47,"column":4},"end":{"line":51,"column":5}},{"start":{},"end":{}}],"line":47},"3":{"loc":{"start":{"line":58,"column":13},"end":{"line":58,"column":80}},"type":"cond-expr","locations":[{"start":{"line":58,"column":46},"end":{"line":58,"column":75}},{"start":{"line":58,"column":78},"end":{"line":58,"column":80}}],"line":58},"4":{"loc":{"start":{"line":73,"column":4},"end":{"line":75,"column":5}},"type":"if","locations":[{"start":{"line":73,"column":4},"end":{"line":75,"column":5}},{"start":{},"end":{}}],"line":73},"5":{"loc":{"start":{"line":77,"column":4},"end":{"line":85,"column":5}},"type":"if","locations":[{"start":{"line":77,"column":4},"end":{"line":85,"column":5}},{"start":{},"end":{}}],"line":77},"6":{"loc":{"start":{"line":132,"column":2},"end":{"line":139,"column":3}},"type":"if","locations":[{"start":{"line":132,"column":2},"end":{"line":139,"column":3}},{"start":{"line":137,"column":9},"end":{"line":139,"column":3}}],"line":132}},"s":{"0":1,"1":3,"2":3,"3":2,"4":1,"5":1,"6":1,"7":3,"8":3,"9":3,"10":1,"11":2,"12":2,"13":0,"14":2,"15":2,"16":0,"17":0,"18":1,"19":2,"20":2,"21":2,"22":2,"23":1,"24":2,"25":1,"26":1,"27":1,"28":1,"29":4,"30":4,"31":4,"32":4,"33":1,"34":3,"35":3,"36":3,"37":3,"38":2,"39":1,"40":3,"41":3,"42":0,"43":0,"44":1,"45":3,"46":3,"47":3,"48":0,"49":0,"50":1,"51":2,"52":2,"53":2,"54":2,"55":0,"56":0,"57":1,"58":4,"59":4,"60":4,"61":3,"62":3,"63":3,"64":3,"65":1,"66":0,"67":0,"68":3,"69":3,"70":3,"71":0},"f":{"0":3,"1":3,"2":2,"3":4,"4":3,"5":2,"6":4,"7":3},"b":{"0":[1,2],"1":[0,2],"2":[1,1],"3":[1,1],"4":[1,3],"5":[3,0],"6":[3,1]},"inputSourceMap":null,"_coverageSchema":"1a1c01bbd47fc00a2c39e90264f33305004495a9","hash":"ec32fffc77e4ebbb136257b63d706568c39dcd9f"}
,"/Users/nutin-orn/Desktop/Project/E-Commerce-Store_EKS/mean-ecommerce-EKS/backend/lib/cloudinary.js": {"path":"/Users/nutin-orn/Desktop/Project/E-Commerce-Store_EKS/mean-ecommerce-EKS/backend/lib/cloudinary.js","statementMap":{"0":{"start":{"line":4,"column":0},"end":{"line":4,"column":16}},"1":{"start":{"line":6,"column":0},"end":{"line":10,"column":3}}},"fnMap":{},"branchMap":{},"s":{"0":0,"1":0},"f":{},"b":{},"inputSourceMap":null}
,"/Users/nutin-orn/Desktop/Project/E-Commerce-Store_EKS/mean-ecommerce-EKS/backend/lib/db.js": {"path":"/Users/nutin-orn/Desktop/Project/E-Commerce-Store_EKS/mean-ecommerce-EKS/backend/lib/db.js","statementMap":{"0":{"start":{"line":4,"column":18},"end":{"line":12,"column":1}},"1":{"start":{"line":5,"column":2},"end":{"line":11,"column":3}},"2":{"start":{"line":6,"column":17},"end":{"line":6,"column":62}},"3":{"start":{"line":7,"column":4},"end":{"line":7,"column":64}},"4":{"start":{"line":9,"column":4},"end":{"line":9,"column":54}},"5":{"start":{"line":10,"column":4},"end":{"line":10,"column":20}}},"fnMap":{"0":{"name":"(anonymous_0)","decl":{"start":{"line":4,"column":18},"end":{"line":4,"column":19}},"loc":{"start":{"line":4,"column":30},"end":{"line":12,"column":1}},"line":4}},"branchMap":{},"s":{"0":0,"1":0,"2":0,"3":0,"4":0,"5":0},"f":{"0":0},"b":{},"inputSourceMap":null}
,"/Users/nutin-orn/Desktop/Project/E-Commerce-Store_EKS/mean-ecommerce-EKS/backend/lib/queue.js": {"path":"/Users/nutin-orn/Desktop/Project/E-Commerce-Store_EKS/mean-ecommerce-EKS/backend/lib/queue.js","statementMap":{"0":{"start":{"line":3,"column":4},"end":{"line":3,"column":55}},"1":{"start":{"line":7,"column":4},"end":{"line":7,"column":58}},"2":{"start":{"line":11,"column":4},"end":{"line":11,"column":57}}},"fnMap":{"0":{"name":"(anonymous_0)","decl":{"start":{"line":2,"column":2},"end":{"line":2,"column":3}},"loc":{"start":{"line":2,"column":57},"end":{"line":4,"column":3}},"line":2},"1":{"name":"(anonymous_1)","decl":{"start":{"line":6,"column":2},"end":{"line":6,"column":3}},"loc":{"start":{"line":6,"column":52},"end":{"line":8,"column":3}},"line":6},"2":{"name":"(anonymous_2)","decl":{"start":{"line":10,"column":2},"end":{"line":10,"column":3}},"loc":{"start":{"line":10,"column":47},"end":{"line":12,"column":3}},"line":10}},"branchMap":{"0":{"loc":{"start":{"line":2,"column":40},"end":{"line":2,"column":55}},"type":"default-arg","locations":[{"start":{"line":2,"column":53},"end":{"line":2,"column":55}}],"line":2},"1":{"loc":{"start":{"line":6,"column":34},"end":{"line":6,"column":50}},"type":"default-arg","locations":[{"start":{"line":6,"column":48},"end":{"line":6,"column":50}}],"line":6}},"s":{"0":0,"1":0,"2":0},"f":{"0":0,"1":0,"2":0},"b":{"0":[0],"1":[0]},"inputSourceMap":null}
,"/Users/nutin-orn/Desktop/Project/E-Commerce-Store_EKS/mean-ecommerce-EKS/backend/lib/redis.js": {"path":"/Users/nutin-orn/Desktop/Project/E-Commerce-Store_EKS/mean-ecommerce-EKS/backend/lib/redis.js","statementMap":{"0":{"start":{"line":4,"column":0},"end":{"line":4,"column":16}},"1":{"start":{"line":6,"column":21},"end":{"line":6,"column":61}}},"fnMap":{},"branchMap":{},"s":{"0":0,"1":0},"f":{},"b":{},"inputSourceMap":null}
,"/Users/nutin-orn/Desktop/Project/E-Commerce-Store_EKS/mean-ecommerce-EKS/backend/lib/sqs.js": {"path":"/Users/nutin-orn/Desktop/Project/E-Commerce-Store_EKS/mean-ecommerce-EKS/backend/lib/sqs.js","statementMap":{"0":{"start":{"line":11,"column":4},"end":{"line":11,"column":12}},"1":{"start":{"line":12,"column":19},"end":{"line":14,"column":5}},"2":{"start":{"line":16,"column":4},"end":{"line":22,"column":5}},"3":{"start":{"line":17,"column":6},"end":{"line":17,"column":49}},"4":{"start":{"line":18,"column":6},"end":{"line":21,"column":8}},"5":{"start":{"line":23,"column":4},"end":{"line":23,"column":40}},"6":{"start":{"line":24,"column":4},"end":{"line":26,"column":6}},"7":{"start":{"line":30,"column":21},"end":{"line":30,"column":43}},"8":{"start":{"line":31,"column":4},"end":{"line":33,"column":5}},"9":{"start":{"line":32,"column":6},"end":{"line":32,"column":54}},"10":{"start":{"line":35,"column":30},"end":{"line":35,"column":32}},"11":{"start":{"line":36,"column":4},"end":{"line":41,"column":7}},"12":{"start":{"line":37,"column":6},"end":{"line":40,"column":8}},"13":{"start":{"line":43,"column":19},"end":{"line":47,"column":5}},"14":{"start":{"line":49,"column":4},"end":{"line":56,"column":5}},"15":{"start":{"line":50,"column":22},"end":{"line":50,"column":52}},"16":{"start":{"line":51,"column":23},"end":{"line":51,"column":54}},"17":{"start":{"line":52,"column":6},"end":{"line":52,"column":22}},"18":{"start":{"line":54,"column":6},"end":{"line":54,"column":74}},"19":{"start":{"line":55,"column":6},"end":{"line":55,"column":18}},"20":{"start":{"line":59,"column":21},"end":{"line":59,"column":43}},"21":{"start":{"line":60,"column":4},"end":{"line":62,"column":5}},"22":{"start":{"line":61,"column":6},"end":{"line":61,"column":54}},"23":{"start":{"line":64,"column":19},"end":{"line":69,"column":5}},"24":{"start":{"line":71,"column":4},"end":{"line":78,"column":5}},"25":{"start":{"line":72,"column":22},"end":{"line":72,"column":55}},"26":{"start":{"line":73,"column":23},"end":{"line":73,"column":54}},"27":{"start":{"line":74,"column":6},"end":{"line":74,"column":37}},"28":{"start":{"line":76,"column":6},"end":{"line":76,"column":78}},"29":{"start":{"line":77,"column":6},"end":{"line":77,"column":18}},"30":{"start":{"line":81,"column":21},"end":{"line":81,"column":43}},"31":{"start":{"line":82,"column":4},"end":{"line":84,"column":5}},"32":{"start":{"line":83,"column":6},"end":{"line":83,"column":54}},"33":{"start":{"line":86,"column":19},"end":{"line":89,"column":5}},"34":{"start":{"line":91,"column":4},"end":{"line":97,"column":5}},"35":{"start":{"line":92,"column":22},"end":{"line":92,"column":54}},"36":{"start":{"line":93,"column":6},"end":{"line":93,"column":38}},"37":{"start":{"line":95,"column":6},"end":{"line":95,"column":77}},"38":{"start":{"line":96,"column":6},"end":{"line":96,"column":18}},"39":{"start":{"line":101,"column":19},"end":{"line":101,"column":23}},"40":{"start":{"line":103,"column":31},"end":{"line":108,"column":1}},"41":{"start":{"line":104,"column":2},"end":{"line":106,"column":3}},"42":{"start":{"line":105,"column":4},"end":{"line":105,"column":36}},"43":{"start":{"line":107,"column":2},"end":{"line":107,"column":22}}},"fnMap":{"0":{"name":"(anonymous_0)","decl":{"start":{"line":10,"column":2},"end":{"line":10,"column":3}},"loc":{"start":{"line":10,"column":16},"end":{"line":27,"column":3}},"line":10},"1":{"name":"(anonymous_1)","decl":{"start":{"line":29,"column":2},"end":{"line":29,"column":3}},"loc":{"start":{"line":29,"column":57},"end":{"line":57,"column":3}},"line":29},"2":{"name":"(anonymous_2)","decl":{"start":{"line":36,"column":36},"end":{"line":36,"column":37}},"loc":{"start":{"line":36,"column":45},"end":{"line":41,"column":5}},"line":36},"3":{"name":"(anonymous_3)","decl":{"start":{"line":58,"column":2},"end":{"line":58,"column":3}},"loc":{"start":{"line":58,"column":52},"end":{"line":79,"column":3}},"line":58},"4":{"name":"(anonymous_4)","decl":{"start":{"line":80,"column":2},"end":{"line":80,"column":3}},"loc":{"start":{"line":80,"column":47},"end":{"line":98,"column":3}},"line":80},"5":{"name":"(anonymous_5)","decl":{"start":{"line":103,"column":31},"end":{"line":103,"column":32}},"loc":{"start":{"line":103,"column":37},"end":{"line":108,"column":1}},"line":103}},"branchMap":{"0":{"loc":{"start":{"line":13,"column":14},"end":{"line":13,"column":51}},"type":"binary-expr","locations":[{"start":{"line":13,"column":14},"end":{"line":13,"column":36}},{"start":{"line":13,"column":40},"end":{"line":13,"column":51}}],"line":13},"1":{"loc":{"start":{"line":16,"column":4},"end":{"line":22,"column":5}},"type":"if","locations":[{"start":{"line":16,"column":4},"end":{"line":22,"column":5}},{"start":{},"end":{}}],"line":16},"2":{"loc":{"start":{"line":19,"column":21},"end":{"line":19,"column":60}},"type":"binary-expr","locations":[{"start":{"line":19,"column":21},"end":{"line":19,"column":50}},{"start":{"line":19,"column":54},"end":{"line":19,"column":60}}],"line":19},"3":{"loc":{"start":{"line":20,"column":25},"end":{"line":20,"column":68}},"type":"binary-expr","locations":[{"start":{"line":20,"column":25},"end":{"line":20,"column":58}},{"start":{"line":20,"column":62},"end":{"line":20,"column":68}}],"line":20},"4":{"loc":{"start":{"line":29,"column":40},"end":{"line":29,"column":55}},"type":"default-arg","locations":[{"start":{"line":29,"column":53},"end":{"line":29,"column":55}}],"line":29},"5":{"loc":{"start":{"line":31,"column":4},"end":{"line":33,"column":5}},"type":"if","locations":[{"start":{"line":31,"column":4},"end":{"line":33,"column":5}},{"start":{},"end":{}}],"line":31},"6":{"loc":{"start":{"line":58,"column":34},"end":{"line":58,"column":50}},"type":"default-arg","locations":[{"start":{"line":58,"column":48},"end":{"line":58,"column":50}}],"line":58},"7":{"loc":{"start":{"line":60,"column":4},"end":{"line":62,"column":5}},"type":"if","locations":[{"start":{"line":60,"column":4},"end":{"line":62,"column":5}},{"start":{},"end":{}}],"line":60},"8":{"loc":{"start":{"line":74,"column":13},"end":{"line":74,"column":36}},"type":"binary-expr","locations":[{"start":{"line":74,"column":13},"end":{"line":74,"column":30}},{"start":{"line":74,"column":34},"end":{"line":74,"column":36}}],"line":74},"9":{"loc":{"start":{"line":82,"column":4},"end":{"line":84,"column":5}},"type":"if","locations":[{"start":{"line":82,"column":4},"end":{"line":84,"column":5}},{"start":{},"end":{}}],"line":82},"10":{"loc":{"start":{"line":104,"column":2},"end":{"line":106,"column":3}},"type":"if","locations":[{"start":{"line":104,"column":2},"end":{"line":106,"column":3}},{"start":{},"end":{}}],"line":104}},"s":{"0":0,"1":0,"2":0,"3":0,"4":0,"5":0,"6":0,"7":0,"8":0,"9":0,"10":0,"11":0,"12":0,"13":0,"14":0,"15":0,"16":0,"17":0,"18":0,"19":0,"20":0,"21":0,"22":0,"23":0,"24":0,"25":0,"26":0,"27":0,"28":0,"29":0,"30":0,"31":0,"32":0,"33":0,"34":0,"35":0,"36":0,"37":0,"38":0,"39":0,"40":0,"41":0,"42":0,"43":0},"f":{"0":0,"1":0,"2":0,"3":0,"4":0,"5":0},"b":{"0":[0,0],"1":[0,0],"2":[0,0],"3":[0,0],"4":[0],"5":[0,0],"6":[0],"7":[0,0],"8":[0,0],"9":[0,0],"10":[0,0]},"inputSourceMap":null}
,"/Users/nutin-orn/Desktop/Project/E-Commerce-Store_EKS/mean-ecommerce-EKS/backend/lib/stripe.js": {"path":"/Users/nutin-orn/Desktop/Project/E-Commerce-Store_EKS/mean-ecommerce-EKS/backend/lib/stripe.js","statementMap":{"0":{"start":{"line":4,"column":0},"end":{"line":4,"column":16}},"1":{"start":{"line":6,"column":22},"end":{"line":6,"column":63}}},"fnMap":{},"branchMap":{},"s":{"0":0,"1":0},"f":{},"b":{},"inputSourceMap":null}
,"/Users/nutin-orn/Desktop/Project/E-Commerce-Store_EKS/mean-ecommerce-EKS/backend/middleware/auth.middleware.js": {"path":"/Users/nutin-orn/Desktop/Project/E-Commerce-Store_EKS/mean-ecommerce-EKS/backend/middleware/auth.middleware.js","statementMap":{"0":{"start":{"line":4,"column":28},"end":{"line":28,"column":1}},"1":{"start":{"line":5,"column":2},"end":{"line":27,"column":3}},"2":{"start":{"line":6,"column":24},"end":{"line":6,"column":47}},"3":{"start":{"line":7,"column":4},"end":{"line":9,"column":5}},"4":{"start":{"line":8,"column":6},"end":{"line":8,"column":88}},"5":{"start":{"line":10,"column":4},"end":{"line":23,"column":5}},"6":{"start":{"line":11,"column":22},"end":{"line":11,"column":78}},"7":{"start":{"line":12,"column":19},"end":{"line":12,"column":74}},"8":{"start":{"line":13,"column":6},"end":{"line":15,"column":7}},"9":{"start":{"line":14,"column":8},"end":{"line":14,"column":65}},"10":{"start":{"line":16,"column":6},"end":{"line":16,"column":22}},"11":{"start":{"line":17,"column":6},"end":{"line":17,"column":13}},"12":{"start":{"line":19,"column":6},"end":{"line":21,"column":7}},"13":{"start":{"line":20,"column":8},"end":{"line":20,"column":64}},"14":{"start":{"line":22,"column":6},"end":{"line":22,"column":18}},"15":{"start":{"line":25,"column":4},"end":{"line":25,"column":67}},"16":{"start":{"line":26,"column":4},"end":{"line":26,"column":74}},"17":{"start":{"line":30,"column":26},"end":{"line":36,"column":1}},"18":{"start":{"line":31,"column":2},"end":{"line":35,"column":3}},"19":{"start":{"line":32,"column":4},"end":{"line":32,"column":11}},"20":{"start":{"line":34,"column":4},"end":{"line":34,"column":73}}},"fnMap":{"0":{"name":"(anonymous_0)","decl":{"start":{"line":4,"column":28},"end":{"line":4,"column":29}},"loc":{"start":{"line":4,"column":53},"end":{"line":28,"column":1}},"line":4},"1":{"name":"(anonymous_1)","decl":{"start":{"line":30,"column":26},"end":{"line":30,"column":27}},"loc":{"start":{"line":30,"column":46},"end":{"line":36,"column":1}},"line":30}},"branchMap":{"0":{"loc":{"start":{"line":7,"column":4},"end":{"line":9,"column":5}},"type":"if","locations":[{"start":{"line":7,"column":4},"end":{"line":9,"column":5}},{"start":{},"end":{}}],"line":7},"1":{"loc":{"start":{"line":13,"column":6},"end":{"line":15,"column":7}},"type":"if","locations":[{"start":{"line":13,"column":6},"end":{"line":15,"column":7}},{"start":{},"end":{}}],"line":13},"2":{"loc":{"start":{"line":19,"column":6},"end":{"line":21,"column":7}},"type":"if","locations":[{"start":{"line":19,"column":6},"end":{"line":21,"column":7}},{"start":{},"end":{}}],"line":19},"3":{"loc":{"start":{"line":31,"column":2},"end":{"line":35,"column":3}},"type":"if","locations":[{"start":{"line":31,"column":2},"end":{"line":35,"column":3}},{"start":{"line":33,"column":9},"end":{"line":35,"column":3}}],"line":31}},"s":{"0":2,"1":12,"2":12,"3":12,"4":2,"5":10,"6":10,"7":6,"8":6,"9":2,"10":4,"11":4,"12":4,"13":2,"14":2,"15":2,"16":2,"17":2,"18":2,"19":1,"20":1},"f":{"0":12,"1":2},"b":{"0":[2,10],"1":[2,4],"2":[2,2],"3":[1,1]},"inputSourceMap":null,"_coverageSchema":"1a1c01bbd47fc00a2c39e90264f33305004495a9","hash":"bec8c0682f5c016995492a4f57515774cfdc7e8e"}
,"/Users/nutin-orn/Desktop/Project/E-Commerce-Store_EKS/mean-ecommerce-EKS/backend/models/coupon.model.js": {"path":"/Users/nutin-orn/Desktop/Project/E-Commerce-Store_EKS/mean-ecommerce-EKS/backend/models/coupon.model.js","statementMap":{"0":{"start":{"line":3,"column":21},"end":{"line":34,"column":1}},"1":{"start":{"line":36,"column":15},"end":{"line":36,"column":53}}},"fnMap":{},"branchMap":{},"s":{"0":3,"1":3},"f":{},"b":{},"inputSourceMap":null,"_coverageSchema":"1a1c01bbd47fc00a2c39e90264f33305004495a9","hash":"0ac5e0e93d697e1df960cac0e963e215da3a9bc9"}
,"/Users/nutin-orn/Desktop/Project/E-Commerce-Store_EKS/mean-ecommerce-EKS/backend/models/order.model.js": {"path":"/Users/nutin-orn/Desktop/Project/E-Commerce-Store_EKS/mean-ecommerce-EKS/backend/models/order.model.js","statementMap":{"0":{"start":{"line":3,"column":20},"end":{"line":40,"column":1}},"1":{"start":{"line":42,"column":14},"end":{"line":42,"column":50}}},"fnMap":{},"branchMap":{},"s":{"0":3,"1":3},"f":{},"b":{},"inputSourceMap":null,"_coverageSchema":"1a1c01bbd47fc00a2c39e90264f33305004495a9","hash":"c941b009e8d39ba2d3ffa714c612b1a08b40faf6"}
,"/Users/nutin-orn/Desktop/Project/E-Commerce-Store_EKS/mean-ecommerce-EKS/backend/models/product.model.js": {"path":"/Users/nutin-orn/Desktop/Project/E-Commerce-Store_EKS/mean-ecommerce-EKS/backend/models/product.model.js","statementMap":{"0":{"start":{"line":3,"column":22},"end":{"line":29,"column":22}},"1":{"start":{"line":31,"column":16},"end":{"line":31,"column":56}}},"fnMap":{},"branchMap":{},"s":{"0":4,"1":4},"f":{},"b":{},"inputSourceMap":null,"_coverageSchema":"1a1c01bbd47fc00a2c39e90264f33305004495a9","hash":"32066f2b7f0583c2d25e022ec1730fc4a1062b2f"}
,"/Users/nutin-orn/Desktop/Project/E-Commerce-Store_EKS/mean-ecommerce-EKS/backend/models/user.model.js": {"path":"/Users/nutin-orn/Desktop/Project/E-Commerce-Store_EKS/mean-ecommerce-EKS/backend/models/user.model.js","statementMap":{"0":{"start":{"line":4,"column":19},"end":{"line":43,"column":1}},"1":{"start":{"line":46,"column":0},"end":{"line":55,"column":3}},"2":{"start":{"line":47,"column":2},"end":{"line":47,"column":50}},"3":{"start":{"line":47,"column":36},"end":{"line":47,"column":50}},"4":{"start":{"line":48,"column":2},"end":{"line":54,"column":3}},"5":{"start":{"line":49,"column":17},"end":{"line":49,"column":41}},"6":{"start":{"line":50,"column":4},"end":{"line":50,"column":59}},"7":{"start":{"line":51,"column":4},"end":{"line":51,"column":11}},"8":{"start":{"line":53,"column":4},"end":{"line":53,"column":16}},"9":{"start":{"line":58,"column":0},"end":{"line":60,"column":2}},"10":{"start":{"line":59,"column":2},"end":{"line":59,"column":55}},"11":{"start":{"line":62,"column":13},"end":{"line":62,"column":47}}},"fnMap":{"0":{"name":"(anonymous_0)","decl":{"start":{"line":46,"column":23},"end":{"line":46,"column":24}},"loc":{"start":{"line":46,"column":45},"end":{"line":55,"column":1}},"line":46},"1":{"name":"(anonymous_1)","decl":{"start":{"line":58,"column":37},"end":{"line":58,"column":38}},"loc":{"start":{"line":58,"column":63},"end":{"line":60,"column":1}},"line":58}},"branchMap":{"0":{"loc":{"start":{"line":47,"column":2},"end":{"line":47,"column":50}},"type":"if","locations":[{"start":{"line":47,"column":2},"end":{"line":47,"column":50}},{"start":{},"end":{}}],"line":47}},"s":{"0":7,"1":7,"2":83,"3":10,"4":73,"5":73,"6":73,"7":73,"8":0,"9":7,"10":6,"11":7},"f":{"0":83,"1":6},"b":{"0":[10,73]},"inputSourceMap":null,"_coverageSchema":"1a1c01bbd47fc00a2c39e90264f33305004495a9","hash":"ec1ac35cbbe7340696f322f0618e62d452ba3829"}
,"/Users/nutin-orn/Desktop/Project/E-Commerce-Store_EKS/mean-ecommerce-EKS/backend/routes/analytics.route.js": {"path":"/Users/nutin-orn/Desktop/Project/E-Commerce-Store_EKS/mean-ecommerce-EKS/backend/routes/analytics.route.js","statementMap":{"0":{"start":{"line":5,"column":15},"end":{"line":5,"column":31}},"1":{"start":{"line":7,"column":0},"end":{"line":24,"column":3}},"2":{"start":{"line":8,"column":1},"end":{"line":23,"column":2}},"3":{"start":{"line":9,"column":24},"end":{"line":9,"column":48}},"4":{"start":{"line":11,"column":18},"end":{"line":11,"column":28}},"5":{"start":{"line":12,"column":20},"end":{"line":12,"column":73}},"6":{"start":{"line":14,"column":25},"end":{"line":14,"column":68}},"7":{"start":{"line":16,"column":2},"end":{"line":19,"column":5}},"8":{"start":{"line":21,"column":2},"end":{"line":21,"column":57}},"9":{"start":{"line":22,"column":2},"end":{"line":22,"column":74}}},"fnMap":{"0":{"name":"(anonymous_0)","decl":{"start":{"line":7,"column":42},"end":{"line":7,"column":43}},"loc":{"start":{"line":7,"column":62},"end":{"line":24,"column":1}},"line":7}},"branchMap":{},"s":{"0":0,"1":0,"2":0,"3":0,"4":0,"5":0,"6":0,"7":0,"8":0,"9":0},"f":{"0":0},"b":{},"inputSourceMap":null}
,"/Users/nutin-orn/Desktop/Project/E-Commerce-Store_EKS/mean-ecommerce-EKS/backend/routes/auth.route.js": {"path":"/Users/nutin-orn/Desktop/Project/E-Commerce-Store_EKS/mean-ecommerce-EKS/backend/routes/auth.route.js","statementMap":{"0":{"start":{"line":5,"column":15},"end":{"line":5,"column":31}},"1":{"start":{"line":7,"column":0},"end":{"line":7,"column":31}},"2":{"start":{"line":8,"column":0},"end":{"line":8,"column":29}},"3":{"start":{"line":9,"column":0},"end":{"line":9,"column":31}},"4":{"start":{"line":10,"column":0},"end":{"line":10,"column":44}},"5":{"start":{"line":11,"column":0},"end":{"line":11,"column":49}}},"fnMap":{},"branchMap":{},"s":{"0":1,"1":1,"2":1,"3":1,"4":1,"5":1},"f":{},"b":{},"inputSourceMap":null,"_coverageSchema":"1a1c01bbd47fc00a2c39e90264f33305004495a9","hash":"ca2ba1dbd441c11937f7dcd0a19410f731eb3002"}
,"/Users/nutin-orn/Desktop/Project/E-Commerce-Store_EKS/mean-ecommerce-EKS/backend/routes/cart.route.js": {"path":"/Users/nutin-orn/Desktop/Project/E-Commerce-Store_EKS/mean-ecommerce-EKS/backend/routes/cart.route.js","statementMap":{"0":{"start":{"line":5,"column":15},"end":{"line":5,"column":31}},"1":{"start":{"line":7,"column":0},"end":{"line":7,"column":47}},"2":{"start":{"line":8,"column":0},"end":{"line":8,"column":41}},"3":{"start":{"line":9,"column":0},"end":{"line":9,"column":52}},"4":{"start":{"line":10,"column":0},"end":{"line":10,"column":49}}},"fnMap":{},"branchMap":{},"s":{"0":0,"1":0,"2":0,"3":0,"4":0},"f":{},"b":{},"inputSourceMap":null}
,"/Users/nutin-orn/Desktop/Project/E-Commerce-Store_EKS/mean-ecommerce-EKS/backend/routes/coupon.route.js": {"path":"/Users/nutin-orn/Desktop/Project/E-Commerce-Store_EKS/mean-ecommerce-EKS/backend/routes/coupon.route.js","statementMap":{"0":{"start":{"line":5,"column":15},"end":{"line":5,"column":31}},"1":{"start":{"line":7,"column":0},"end":{"line":7,"column":42}},"2":{"start":{"line":8,"column":0},"end":{"line":8,"column":55}}},"fnMap":{},"branchMap":{},"s":{"0":0,"1":0,"2":0},"f":{},"b":{},"inputSourceMap":null}
,"/Users/nutin-orn/Desktop/Project/E-Commerce-Store_EKS/mean-ecommerce-EKS/backend/routes/payment.route.js": {"path":"/Users/nutin-orn/Desktop/Project/E-Commerce-Store_EKS/mean-ecommerce-EKS/backend/routes/payment.route.js","statementMap":{"0":{"start":{"line":5,"column":15},"end":{"line":5,"column":31}},"1":{"start":{"line":7,"column":0},"end":{"line":7,"column":77}},"2":{"start":{"line":8,"column":0},"end":{"line":8,"column":64}}},"fnMap":{},"branchMap":{},"s":{"0":0,"1":0,"2":0},"f":{},"b":{},"inputSourceMap":null}
,"/Users/nutin-orn/Desktop/Project/E-Commerce-Store_EKS/mean-ecommerce-EKS/backend/routes/product.route.js": {"path":"/Users/nutin-orn/Desktop/Project/E-Commerce-Store_EKS/mean-ecommerce-EKS/backend/routes/product.route.js","statementMap":{"0":{"start":{"line":5,"column":15},"end":{"line":5,"column":31}},"1":{"start":{"line":7,"column":0},"end":{"line":7,"column":57}},"2":{"start":{"line":8,"column":0},"end":{"line":8,"column":45}},"3":{"start":{"line":9,"column":0},"end":{"line":9,"column":57}},"4":{"start":{"line":10,"column":0},"end":{"line":10,"column":55}},"5":{"start":{"line":11,"column":0},"end":{"line":11,"column":58}},"6":{"start":{"line":12,"column":0},"end":{"line":12,"column":70}},"7":{"start":{"line":13,"column":0},"end":{"line":13,"column":63}}},"fnMap":{},"branchMap":{},"s":{"0":0,"1":0,"2":0,"3":0,"4":0,"5":0,"6":0,"7":0},"f":{},"b":{},"inputSourceMap":null}
,"/Users/nutin-orn/Desktop/Project/E-Commerce-Store_EKS/mean-ecommerce-EKS/backend/workers/orderProcessor.js": {"path":"/Users/nutin-orn/Desktop/Project/E-Commerce-Store_EKS/mean-ecommerce-EKS/backend/workers/orderProcessor.js","statementMap":{"0":{"start":{"line":7,"column":0},"end":{"line":7,"column":16}},"1":{"start":{"line":9,"column":0},"end":{"line":9,"column":18}},"2":{"start":{"line":11,"column":21},"end":{"line":11,"column":38}},"3":{"start":{"line":12,"column":21},"end":{"line":12,"column":26}},"4":{"start":{"line":14,"column":0},"end":{"line":14,"column":49}},"5":{"start":{"line":15,"column":0},"end":{"line":17,"column":2}},"6":{"start":{"line":19,"column":21},"end":{"line":59,"column":1}},"7":{"start":{"line":20,"column":2},"end":{"line":58,"column":3}},"8":{"start":{"line":21,"column":22},"end":{"line":21,"column":46}},"9":{"start":{"line":22,"column":4},"end":{"line":22,"column":66}},"10":{"start":{"line":24,"column":23},"end":{"line":24,"column":70}},"11":{"start":{"line":24,"column":59},"end":{"line":24,"column":69}},"12":{"start":{"line":25,"column":29},"end":{"line":25,"column":77}},"13":{"start":{"line":27,"column":4},"end":{"line":29,"column":5}},"14":{"start":{"line":28,"column":6},"end":{"line":28,"column":58}},"15":{"start":{"line":31,"column":26},"end":{"line":33,"column":6}},"16":{"start":{"line":35,"column":4},"end":{"line":38,"column":5}},"17":{"start":{"line":36,"column":6},"end":{"line":36,"column":64}},"18":{"start":{"line":37,"column":6},"end":{"line":37,"column":59}},"19":{"start":{"line":40,"column":21},"end":{"line":49,"column":6}},"20":{"start":{"line":42,"column":53},"end":{"line":46,"column":7}},"21":{"start":{"line":51,"column":4},"end":{"line":51,"column":26}},"22":{"start":{"line":53,"column":4},"end":{"line":53,"column":63}},"23":{"start":{"line":54,"column":4},"end":{"line":54,"column":52}},"24":{"start":{"line":56,"column":4},"end":{"line":56,"column":52}},"25":{"start":{"line":57,"column":4},"end":{"line":57,"column":16}},"26":{"start":{"line":61,"column":24},"end":{"line":92,"column":1}},"27":{"start":{"line":62,"column":2},"end":{"line":89,"column":3}},"28":{"start":{"line":63,"column":4},"end":{"line":88,"column":5}},"29":{"start":{"line":64,"column":23},"end":{"line":64,"column":70}},"30":{"start":{"line":66,"column":6},"end":{"line":69,"column":7}},"31":{"start":{"line":67,"column":8},"end":{"line":67,"column":66}},"32":{"start":{"line":67,"column":39},"end":{"line":67,"column":64}},"33":{"start":{"line":68,"column":8},"end":{"line":68,"column":17}},"34":{"start":{"line":71,"column":6},"end":{"line":71,"column":58}},"35":{"start":{"line":73,"column":33},"end":{"line":83,"column":8}},"36":{"start":{"line":74,"column":8},"end":{"line":82,"column":9}},"37":{"start":{"line":75,"column":10},"end":{"line":75,"column":38}},"38":{"start":{"line":76,"column":10},"end":{"line":76,"column":75}},"39":{"start":{"line":77,"column":10},"end":{"line":77,"column":63}},"40":{"start":{"line":79,"column":10},"end":{"line":79,"column":58}},"41":{"start":{"line":80,"column":10},"end":{"line":80,"column":75}},"42":{"start":{"line":81,"column":10},"end":{"line":81,"column":78}},"43":{"start":{"line":84,"column":6},"end":{"line":84,"column":51}},"44":{"start":{"line":86,"column":6},"end":{"line":86,"column":64}},"45":{"start":{"line":87,"column":6},"end":{"line":87,"column":65}},"46":{"start":{"line":87,"column":37},"end":{"line":87,"column":63}},"47":{"start":{"line":90,"column":2},"end":{"line":90,"column":52}},"48":{"start":{"line":91,"column":2},"end":{"line":91,"column":18}},"49":{"start":{"line":94,"column":0},"end":{"line":97,"column":3}},"50":{"start":{"line":95,"column":2},"end":{"line":95,"column":63}},"51":{"start":{"line":96,"column":2},"end":{"line":96,"column":24}},"52":{"start":{"line":99,"column":0},"end":{"line":102,"column":3}},"53":{"start":{"line":100,"column":2},"end":{"line":100,"column":62}},"54":{"start":{"line":101,"column":2},"end":{"line":101,"column":24}},"55":{"start":{"line":105,"column":0},"end":{"line":108,"column":3}},"56":{"start":{"line":106,"column":2},"end":{"line":106,"column":41}},"57":{"start":{"line":107,"column":2},"end":{"line":107,"column":18}}},"fnMap":{"0":{"name":"(anonymous_0)","decl":{"start":{"line":19,"column":21},"end":{"line":19,"column":22}},"loc":{"start":{"line":19,"column":40},"end":{"line":59,"column":1}},"line":19},"1":{"name":"(anonymous_1)","decl":{"start":{"line":24,"column":46},"end":{"line":24,"column":47}},"loc":{"start":{"line":24,"column":59},"end":{"line":24,"column":69}},"line":24},"2":{"name":"(anonymous_2)","decl":{"start":{"line":42,"column":39},"end":{"line":42,"column":40}},"loc":{"start":{"line":42,"column":53},"end":{"line":46,"column":7}},"line":42},"3":{"name":"(anonymous_3)","decl":{"start":{"line":61,"column":24},"end":{"line":61,"column":25}},"loc":{"start":{"line":61,"column":36},"end":{"line":92,"column":1}},"line":61},"4":{"name":"(anonymous_4)","decl":{"start":{"line":67,"column":26},"end":{"line":67,"column":27}},"loc":{"start":{"line":67,"column":39},"end":{"line":67,"column":64}},"line":67},"5":{"name":"(anonymous_5)","decl":{"start":{"line":73,"column":46},"end":{"line":73,"column":47}},"loc":{"start":{"line":73,"column":65},"end":{"line":83,"column":7}},"line":73},"6":{"name":"(anonymous_6)","decl":{"start":{"line":87,"column":24},"end":{"line":87,"column":25}},"loc":{"start":{"line":87,"column":37},"end":{"line":87,"column":63}},"line":87},"7":{"name":"(anonymous_7)","decl":{"start":{"line":94,"column":22},"end":{"line":94,"column":23}},"loc":{"start":{"line":94,"column":28},"end":{"line":97,"column":1}},"line":94},"8":{"name":"(anonymous_8)","decl":{"start":{"line":99,"column":21},"end":{"line":99,"column":22}},"loc":{"start":{"line":99,"column":27},"end":{"line":102,"column":1}},"line":99},"9":{"name":"(anonymous_9)","decl":{"start":{"line":105,"column":24},"end":{"line":105,"column":25}},"loc":{"start":{"line":105,"column":35},"end":{"line":108,"column":1}},"line":105}},"branchMap":{"0":{"loc":{"start":{"line":27,"column":4},"end":{"line":29,"column":5}},"type":"if","locations":[{"start":{"line":27,"column":4},"end":{"line":29,"column":5}},{"start":{},"end":{}}],"line":27},"1":{"loc":{"start":{"line":35,"column":4},"end":{"line":38,"column":5}},"type":"if","locations":[{"start":{"line":35,"column":4},"end":{"line":38,"column":5}},{"start":{},"end":{}}],"line":35},"2":{"loc":{"start":{"line":66,"column":6},"end":{"line":69,"column":7}},"type":"if","locations":[{"start":{"line":66,"column":6},"end":{"line":69,"column":7}},{"start":{},"end":{}}],"line":66}},"s":{"0":0,"1":0,"2":0,"3":0,"4":0,"5":0,"6":0,"7":0,"8":0,"9":0,"10":0,"11":0,"12":0,"13":0,"14":0,"15":0,"16":0,"17":0,"18":0,"19":0,"20":0,"21":0,"22":0,"23":0,"24":0,"25":0,"26":0,"27":0,"28":0,"29":0,"30":0,"31":0,"32":0,"33":0,"34":0,"35":0,"36":0,"37":0,"38":0,"39":0,"40":0,"41":0,"42":0,"43":0,"44":0,"45":0,"46":0,"47":0,"48":0,"49":0,"50":0,"51":0,"52":0,"53":0,"54":0,"55":0,"56":0,"57":0},"f":{"0":0,"1":0,"2":0,"3":0,"4":0,"5":0,"6":0,"7":0,"8":0,"9":0},"b":{"0":[0,0],"1":[0,0],"2":[0,0]},"inputSourceMap":null}
}
