TN:
SF:backend/server.js
FN:33,(anonymous_0)
FN:48,(anonymous_1)
FNF:2
FNH:0
FNDA:0,(anonymous_0)
FNDA:0,(anonymous_1)
DA:15,0
DA:17,0
DA:18,0
DA:20,0
DA:22,0
DA:23,0
DA:24,0
DA:26,0
DA:27,0
DA:28,0
DA:29,0
DA:30,0
DA:31,0
DA:33,0
DA:34,0
DA:48,0
DA:49,0
DA:50,0
LF:18
LH:0
BRDA:18,0,0,0
BRDA:18,0,1,0
BRF:2
BRH:0
end_of_record
TN:
SF:backend/controllers/analytics.controller.js
FN:5,(anonymous_0)
FN:29,(anonymous_1)
FN:62,(anonymous_2)
FN:63,(anonymous_3)
FN:76,getDatesInRange
FNF:5
FNH:5
FNDA:3,(anonymous_0)
FNDA:3,(anonymous_1)
FNDA:7,(anonymous_2)
FNDA:6,(anonymous_3)
FNDA:3,getDatesInRange
DA:5,1
DA:6,3
DA:7,3
DA:9,3
DA:19,3
DA:21,3
DA:29,1
DA:30,3
DA:31,3
DA:59,3
DA:62,3
DA:63,7
DA:65,7
DA:72,0
DA:77,3
DA:78,3
DA:80,3
DA:81,7
DA:82,7
DA:85,3
LF:20
LH:19
BRDA:19,0,0,3
BRDA:19,0,1,2
BRDA:67,1,0,7
BRDA:67,1,1,4
BRDA:68,2,0,7
BRDA:68,2,1,4
BRF:6
BRH:6
end_of_record
TN:
SF:backend/controllers/auth.controller.js
FN:5,(anonymous_0)
FN:11,(anonymous_1)
FN:15,(anonymous_2)
FN:30,(anonymous_3)
FN:57,(anonymous_4)
FN:80,(anonymous_5)
FN:98,(anonymous_6)
FN:127,(anonymous_7)
FNF:8
FNH:8
FNDA:10,(anonymous_0)
FNDA:10,(anonymous_1)
FNDA:10,(anonymous_2)
FNDA:10,(anonymous_3)
FNDA:5,(anonymous_4)
FNDA:4,(anonymous_5)
FNDA:6,(anonymous_6)
FNDA:3,(anonymous_7)
DA:5,1
DA:6,10
DA:7,10
DA:8,10
DA:11,1
DA:12,10
DA:15,1
DA:16,10
DA:22,10
DA:30,1
DA:31,10
DA:32,10
DA:33,10
DA:34,10
DA:35,1
DA:37,9
DA:40,8
DA:41,8
DA:43,8
DA:45,8
DA:52,1
DA:53,1
DA:57,1
DA:58,5
DA:59,5
DA:60,5
DA:61,5
DA:62,2
DA:63,2
DA:64,2
DA:65,2
DA:72,3
DA:75,0
DA:76,0
DA:80,1
DA:81,4
DA:82,4
DA:83,4
DA:84,3
DA:85,2
DA:88,3
DA:89,3
DA:90,3
DA:92,1
DA:93,1
DA:98,1
DA:99,6
DA:100,6
DA:101,6
DA:102,1
DA:104,5
DA:105,3
DA:107,3
DA:108,2
DA:111,1
DA:113,1
DA:119,1
DA:121,2
DA:122,2
DA:127,1
DA:128,3
DA:129,3
DA:131,0
DA:132,0
LF:64
LH:60
BRDA:34,0,0,1
BRDA:34,0,1,9
BRDA:61,1,0,2
BRDA:61,1,1,3
BRDA:61,2,0,5
BRDA:61,2,1,4
BRDA:83,3,0,3
BRDA:83,3,1,1
BRDA:101,4,0,1
BRDA:101,4,1,5
BRDA:107,5,0,2
BRDA:107,5,1,1
BRF:12
BRH:12
end_of_record
TN:
SF:backend/controllers/cart.controller.js
FN:3,(anonymous_0)
FN:8,(anonymous_1)
FN:10,(anonymous_2)
FN:22,(anonymous_3)
FN:27,(anonymous_4)
FN:43,(anonymous_5)
FN:51,(anonymous_6)
FN:61,(anonymous_7)
FN:66,(anonymous_8)
FN:70,(anonymous_9)
FNF:10
FNH:10
FNDA:2,(anonymous_0)
FNDA:1,(anonymous_1)
FNDA:1,(anonymous_2)
FNDA:2,(anonymous_3)
FNDA:1,(anonymous_4)
FNDA:2,(anonymous_5)
FNDA:2,(anonymous_6)
FNDA:3,(anonymous_7)
FNDA:2,(anonymous_8)
FNDA:1,(anonymous_9)
DA:3,1
DA:4,2
DA:5,2
DA:8,2
DA:9,1
DA:10,1
DA:12,1
DA:15,2
DA:17,0
DA:18,0
DA:22,1
DA:23,2
DA:24,2
DA:25,2
DA:27,2
DA:29,2
DA:30,1
DA:32,1
DA:35,2
DA:36,2
DA:38,0
DA:39,0
DA:43,1
DA:44,2
DA:45,2
DA:46,2
DA:48,2
DA:49,1
DA:51,2
DA:54,2
DA:55,2
DA:57,0
DA:61,1
DA:62,3
DA:63,3
DA:64,3
DA:65,3
DA:66,3
DA:68,3
DA:69,2
DA:70,1
DA:71,1
DA:72,1
DA:75,2
DA:76,2
DA:77,2
DA:79,1
DA:82,0
DA:83,0
LF:49
LH:42
BRDA:29,0,0,1
BRDA:29,0,1,1
BRDA:48,1,0,1
BRDA:48,1,1,1
BRDA:68,2,0,2
BRDA:68,2,1,1
BRDA:69,3,0,1
BRDA:69,3,1,1
BRF:8
BRH:8
end_of_record
TN:
SF:backend/controllers/coupon.controller.js
FN:3,(anonymous_0)
FN:13,(anonymous_1)
FNF:2
FNH:2
FNDA:3,(anonymous_0)
FNDA:4,(anonymous_1)
DA:3,1
DA:4,3
DA:5,3
DA:6,3
DA:8,0
DA:9,0
DA:13,1
DA:14,4
DA:15,4
DA:16,4
DA:18,4
DA:19,2
DA:22,2
DA:23,1
DA:24,1
DA:25,1
DA:28,1
DA:34,0
DA:35,0
LF:19
LH:15
BRDA:6,0,0,3
BRDA:6,0,1,2
BRDA:18,1,0,2
BRDA:18,1,1,2
BRDA:22,2,0,1
BRDA:22,2,1,1
BRF:6
BRH:6
end_of_record
TN:
SF:backend/controllers/payment.controller.js
FN:7,(anonymous_0)
FN:17,(anonymous_1)
FN:65,(anonymous_2)
FN:86,(anonymous_3)
FN:128,(anonymous_4)
FN:159,createStripeCoupon
FN:168,createNewCoupon
FNF:7
FNH:7
FNDA:5,(anonymous_0)
FNDA:3,(anonymous_1)
FNDA:3,(anonymous_2)
FNDA:3,(anonymous_3)
FNDA:1,(anonymous_4)
FNDA:1,createStripeCoupon
FNDA:1,createNewCoupon
DA:7,1
DA:8,5
DA:9,5
DA:11,5
DA:12,2
DA:15,3
DA:17,3
DA:18,3
DA:19,3
DA:21,3
DA:34,3
DA:35,3
DA:36,1
DA:41,1
DA:42,1
DA:48,3
DA:65,3
DA:74,3
DA:75,1
DA:77,3
DA:79,0
DA:80,0
DA:86,1
DA:87,3
DA:88,3
DA:89,3
DA:91,3
DA:92,3
DA:93,1
DA:105,3
DA:106,3
DA:108,3
DA:116,3
DA:117,3
DA:122,2
DA:124,1
DA:126,1
DA:128,1
DA:136,1
DA:140,3
DA:144,3
DA:151,0
DA:152,0
DA:160,1
DA:165,1
DA:169,1
DA:171,1
DA:178,1
DA:180,1
LF:49
LH:45
BRDA:11,0,0,2
BRDA:11,0,1,3
BRDA:11,1,0,5
BRDA:11,1,1,4
BRDA:30,2,0,3
BRDA:30,2,1,0
BRDA:35,3,0,1
BRDA:35,3,1,2
BRDA:41,4,0,1
BRDA:41,4,1,0
BRDA:54,5,0,1
BRDA:54,5,1,2
BRDA:63,6,0,3
BRDA:63,6,1,2
BRDA:74,7,0,1
BRDA:74,7,1,2
BRDA:91,8,0,3
BRDA:91,8,1,0
BRDA:92,9,0,1
BRDA:92,9,1,2
BRF:20
BRH:17
end_of_record
TN:
SF:backend/controllers/product.controller.js
FN:5,(anonymous_0)
FN:15,(anonymous_1)
FN:41,(anonymous_2)
FN:68,(anonymous_3)
FN:94,(anonymous_4)
FN:118,(anonymous_5)
FN:129,(anonymous_6)
FN:146,updateFeaturedProductsCache
FNF:8
FNH:8
FNDA:3,(anonymous_0)
FNDA:3,(anonymous_1)
FNDA:2,(anonymous_2)
FNDA:4,(anonymous_3)
FNDA:3,(anonymous_4)
FNDA:2,(anonymous_5)
FNDA:4,(anonymous_6)
FNDA:3,updateFeaturedProductsCache
DA:5,1
DA:6,3
DA:7,3
DA:8,2
DA:10,1
DA:11,1
DA:15,1
DA:16,3
DA:17,3
DA:18,3
DA:19,1
DA:24,2
DA:26,2
DA:27,0
DA:31,2
DA:33,2
DA:36,0
DA:37,0
DA:41,1
DA:42,2
DA:43,2
DA:45,2
DA:47,2
DA:48,1
DA:53,2
DA:61,1
DA:63,1
DA:64,1
DA:68,1
DA:69,4
DA:70,4
DA:71,4
DA:73,4
DA:74,1
DA:77,3
DA:78,3
DA:79,3
DA:80,3
DA:81,2
DA:83,1
DA:86,3
DA:87,3
DA:89,0
DA:90,0
DA:94,1
DA:95,3
DA:96,3
DA:111,3
DA:113,0
DA:114,0
DA:118,1
DA:119,2
DA:120,2
DA:121,2
DA:122,2
DA:124,0
DA:125,0
DA:129,1
DA:130,4
DA:131,4
DA:132,4
DA:133,3
DA:134,3
DA:135,3
DA:136,3
DA:138,1
DA:141,0
DA:142,0
DA:147,3
DA:148,3
DA:149,3
DA:151,0
LF:72
LH:60
BRDA:18,0,0,1
BRDA:18,0,1,2
BRDA:26,1,0,0
BRDA:26,1,1,2
BRDA:47,2,0,1
BRDA:47,2,1,1
BRDA:58,3,0,1
BRDA:58,3,1,1
BRDA:73,4,0,1
BRDA:73,4,1,3
BRDA:77,5,0,3
BRDA:77,5,1,0
BRDA:132,6,0,3
BRDA:132,6,1,1
BRF:14
BRH:12
end_of_record
TN:
SF:backend/lib/cloudinary.js
FNF:0
FNH:0
DA:4,0
DA:6,0
LF:2
LH:0
BRF:0
BRH:0
end_of_record
TN:
SF:backend/lib/db.js
FN:4,(anonymous_0)
FNF:1
FNH:0
FNDA:0,(anonymous_0)
DA:4,0
DA:5,0
DA:6,0
DA:7,0
DA:9,0
DA:10,0
LF:6
LH:0
BRF:0
BRH:0
end_of_record
TN:
SF:backend/lib/queue.js
FN:2,(anonymous_0)
FN:6,(anonymous_1)
FN:10,(anonymous_2)
FNF:3
FNH:0
FNDA:0,(anonymous_0)
FNDA:0,(anonymous_1)
FNDA:0,(anonymous_2)
DA:3,0
DA:7,0
DA:11,0
LF:3
LH:0
BRDA:2,0,0,0
BRDA:6,1,0,0
BRF:2
BRH:0
end_of_record
TN:
SF:backend/lib/redis.js
FNF:0
FNH:0
DA:4,0
DA:6,0
LF:2
LH:0
BRF:0
BRH:0
end_of_record
TN:
SF:backend/lib/sqs.js
FN:10,(anonymous_0)
FN:29,(anonymous_1)
FN:36,(anonymous_2)
FN:58,(anonymous_3)
FN:80,(anonymous_4)
FN:103,(anonymous_5)
FNF:6
FNH:0
FNDA:0,(anonymous_0)
FNDA:0,(anonymous_1)
FNDA:0,(anonymous_2)
FNDA:0,(anonymous_3)
FNDA:0,(anonymous_4)
FNDA:0,(anonymous_5)
DA:11,0
DA:12,0
DA:16,0
DA:17,0
DA:18,0
DA:23,0
DA:24,0
DA:30,0
DA:31,0
DA:32,0
DA:35,0
DA:36,0
DA:37,0
DA:43,0
DA:49,0
DA:50,0
DA:51,0
DA:52,0
DA:54,0
DA:55,0
DA:59,0
DA:60,0
DA:61,0
DA:64,0
DA:71,0
DA:72,0
DA:73,0
DA:74,0
DA:76,0
DA:77,0
DA:81,0
DA:82,0
DA:83,0
DA:86,0
DA:91,0
DA:92,0
DA:93,0
DA:95,0
DA:96,0
DA:101,0
DA:103,0
DA:104,0
DA:105,0
DA:107,0
LF:44
LH:0
BRDA:13,0,0,0
BRDA:13,0,1,0
BRDA:16,1,0,0
BRDA:16,1,1,0
BRDA:19,2,0,0
BRDA:19,2,1,0
BRDA:20,3,0,0
BRDA:20,3,1,0
BRDA:29,4,0,0
BRDA:31,5,0,0
BRDA:31,5,1,0
BRDA:58,6,0,0
BRDA:60,7,0,0
BRDA:60,7,1,0
BRDA:74,8,0,0
BRDA:74,8,1,0
BRDA:82,9,0,0
BRDA:82,9,1,0
BRDA:104,10,0,0
BRDA:104,10,1,0
BRF:20
BRH:0
end_of_record
TN:
SF:backend/lib/stripe.js
FNF:0
FNH:0
DA:4,0
DA:6,0
LF:2
LH:0
BRF:0
BRH:0
end_of_record
TN:
SF:backend/middleware/auth.middleware.js
FN:4,(anonymous_0)
FN:30,(anonymous_1)
FNF:2
FNH:2
FNDA:12,(anonymous_0)
FNDA:2,(anonymous_1)
DA:4,2
DA:5,12
DA:6,12
DA:7,12
DA:8,2
DA:10,10
DA:11,10
DA:12,6
DA:13,6
DA:14,2
DA:16,4
DA:17,4
DA:19,4
DA:20,2
DA:22,2
DA:25,2
DA:26,2
DA:30,2
DA:31,2
DA:32,1
DA:34,1
LF:21
LH:21
BRDA:7,0,0,2
BRDA:7,0,1,10
BRDA:13,1,0,2
BRDA:13,1,1,4
BRDA:19,2,0,2
BRDA:19,2,1,2
BRDA:31,3,0,1
BRDA:31,3,1,1
BRF:8
BRH:8
end_of_record
TN:
SF:backend/models/coupon.model.js
FNF:0
FNH:0
DA:3,3
DA:36,3
LF:2
LH:2
BRF:0
BRH:0
end_of_record
TN:
SF:backend/models/order.model.js
FNF:0
FNH:0
DA:3,3
DA:42,3
LF:2
LH:2
BRF:0
BRH:0
end_of_record
TN:
SF:backend/models/product.model.js
FNF:0
FNH:0
DA:3,4
DA:31,4
LF:2
LH:2
BRF:0
BRH:0
end_of_record
TN:
SF:backend/models/user.model.js
FN:46,(anonymous_0)
FN:58,(anonymous_1)
FNF:2
FNH:2
FNDA:83,(anonymous_0)
FNDA:6,(anonymous_1)
DA:4,7
DA:46,7
DA:47,83
DA:48,73
DA:49,73
DA:50,73
DA:51,73
DA:53,0
DA:58,7
DA:59,6
DA:62,7
LF:11
LH:10
BRDA:47,0,0,10
BRDA:47,0,1,73
BRF:2
BRH:2
end_of_record
TN:
SF:backend/routes/analytics.route.js
FN:7,(anonymous_0)
FNF:1
FNH:0
FNDA:0,(anonymous_0)
DA:5,0
DA:7,0
DA:8,0
DA:9,0
DA:11,0
DA:12,0
DA:14,0
DA:16,0
DA:21,0
DA:22,0
LF:10
LH:0
BRF:0
BRH:0
end_of_record
TN:
SF:backend/routes/auth.route.js
FNF:0
FNH:0
DA:5,1
DA:7,1
DA:8,1
DA:9,1
DA:10,1
DA:11,1
LF:6
LH:6
BRF:0
BRH:0
end_of_record
TN:
SF:backend/routes/cart.route.js
FNF:0
FNH:0
DA:5,0
DA:7,0
DA:8,0
DA:9,0
DA:10,0
LF:5
LH:0
BRF:0
BRH:0
end_of_record
TN:
SF:backend/routes/coupon.route.js
FNF:0
FNH:0
DA:5,0
DA:7,0
DA:8,0
LF:3
LH:0
BRF:0
BRH:0
end_of_record
TN:
SF:backend/routes/payment.route.js
FNF:0
FNH:0
DA:5,0
DA:7,0
DA:8,0
LF:3
LH:0
BRF:0
BRH:0
end_of_record
TN:
SF:backend/routes/product.route.js
FNF:0
FNH:0
DA:5,0
DA:7,0
DA:8,0
DA:9,0
DA:10,0
DA:11,0
DA:12,0
DA:13,0
LF:8
LH:0
BRF:0
BRH:0
end_of_record
TN:
SF:backend/workers/orderProcessor.js
FN:19,(anonymous_0)
FN:24,(anonymous_1)
FN:42,(anonymous_2)
FN:61,(anonymous_3)
FN:67,(anonymous_4)
FN:73,(anonymous_5)
FN:87,(anonymous_6)
FN:94,(anonymous_7)
FN:99,(anonymous_8)
FN:105,(anonymous_9)
FNF:10
FNH:0
FNDA:0,(anonymous_0)
FNDA:0,(anonymous_1)
FNDA:0,(anonymous_2)
FNDA:0,(anonymous_3)
FNDA:0,(anonymous_4)
FNDA:0,(anonymous_5)
FNDA:0,(anonymous_6)
FNDA:0,(anonymous_7)
FNDA:0,(anonymous_8)
FNDA:0,(anonymous_9)
DA:7,0
DA:9,0
DA:11,0
DA:12,0
DA:14,0
DA:15,0
DA:19,0
DA:20,0
DA:21,0
DA:22,0
DA:24,0
DA:25,0
DA:27,0
DA:28,0
DA:31,0
DA:35,0
DA:36,0
DA:37,0
DA:40,0
DA:42,0
DA:51,0
DA:53,0
DA:54,0
DA:56,0
DA:57,0
DA:61,0
DA:62,0
DA:63,0
DA:64,0
DA:66,0
DA:67,0
DA:68,0
DA:71,0
DA:73,0
DA:74,0
DA:75,0
DA:76,0
DA:77,0
DA:79,0
DA:80,0
DA:81,0
DA:84,0
DA:86,0
DA:87,0
DA:90,0
DA:91,0
DA:94,0
DA:95,0
DA:96,0
DA:99,0
DA:100,0
DA:101,0
DA:105,0
DA:106,0
DA:107,0
LF:55
LH:0
BRDA:27,0,0,0
BRDA:27,0,1,0
BRDA:35,1,0,0
BRDA:35,1,1,0
BRDA:66,2,0,0
BRDA:66,2,1,0
BRF:6
BRH:0
end_of_record
